# JRE version: OpenJDK Runtime Environment (8.0_152-b02) (build 1.8.0_152-release-1024-b02)
# Java VM: OpenJDK 64-Bit Server VM (25.152-b02 mixed mode windows-amd64 compressed oops)
Heap:
 PSYoungGen      total 292864K, used 292832K [0x00000000e0000000, 0x00000000fb600000, 0x0000000100000000)
  eden space 224768K, 100% used [0x00000000e0000000,0x00000000edb80000,0x00000000edb80000)
  from space 68096K, 99% used [0x00000000f3480000,0x00000000f76f8308,0x00000000f7700000)
  to   space 91136K, 31% used [0x00000000edb80000,0x00000000ef7e5cf8,0x00000000f3480000)
 ParOldGen       total 151040K, used 131323K [0x00000000a0000000, 0x00000000a9380000, 0x00000000e0000000)
  object space 151040K, 86% used [0x00000000a0000000,0x00000000a803ed48,0x00000000a9380000)
 Metaspace       used 80653K, capacity 83705K, committed 83800K, reserved 1122304K
  class space    used 10137K, capacity 10791K, committed 10880K, reserved 1048576K
GC Heap History (10 events):
Event: 237.562 GC heap after
Heap after GC invocations=21 (full 3):
 PSYoungGen      total 225792K, used 24418K [0x00000000e0000000, 0x00000000f0080000, 0x0000000100000000)
  eden space 193024K, 0% used [0x00000000e0000000,0x00000000e0000000,0x00000000ebc80000)
  from space 32768K, 74% used [0x00000000ee080000,0x00000000ef8588b8,0x00000000f0080000)
  to   space 34816K, 0% used [0x00000000ebc80000,0x00000000ebc80000,0x00000000ede80000)
 ParOldGen       total 151040K, used 46000K [0x00000000a0000000, 0x00000000a9380000, 0x00000000e0000000)
  object space 151040K, 30% used [0x00000000a0000000,0x00000000a2cec0d8,0x00000000a9380000)
 Metaspace       used 64537K, capacity 66815K, committed 67032K, reserved 1107968K
  class space    used 8348K, capacity 8872K, committed 8960K, reserved 1048576K
}
Event: 242.663 GC heap before
{Heap before GC invocations=22 (full 3):
 PSYoungGen      total 225792K, used 214702K [0x00000000e0000000, 0x00000000f0080000, 0x0000000100000000)
  eden space 193024K, 98% used [0x00000000e0000000,0x00000000eb9d2f98,0x00000000ebc80000)
  from space 32768K, 74% used [0x00000000ee080000,0x00000000ef8588b8,0x00000000f0080000)
  to   space 34816K, 0% used [0x00000000ebc80000,0x00000000ebc80000,0x00000000ede80000)
 ParOldGen       total 151040K, used 46000K [0x00000000a0000000, 0x00000000a9380000, 0x00000000e0000000)
  object space 151040K, 30% used [0x00000000a0000000,0x00000000a2cec0d8,0x00000000a9380000)
 Metaspace       used 68687K, capacity 71011K, committed 71128K, reserved 1112064K
  class space    used 8855K, capacity 9404K, committed 9472K, reserved 1048576K
Event: 242.734 GC heap after
Heap after GC invocations=22 (full 3):
 PSYoungGen      total 227840K, used 34809K [0x00000000e0000000, 0x00000000f2880000, 0x0000000100000000)
  eden space 193024K, 0% used [0x00000000e0000000,0x00000000e0000000,0x00000000ebc80000)
  from space 34816K, 99% used [0x00000000ebc80000,0x00000000ede7e530,0x00000000ede80000)
  to   space 40960K, 0% used [0x00000000f0080000,0x00000000f0080000,0x00000000f2880000)
 ParOldGen       total 151040K, used 47674K [0x00000000a0000000, 0x00000000a9380000, 0x00000000e0000000)
  object space 151040K, 31% used [0x00000000a0000000,0x00000000a2e8e800,0x00000000a9380000)
 Metaspace       used 68687K, capacity 71011K, committed 71128K, reserved 1112064K
  class space    used 8855K, capacity 9404K, committed 9472K, reserved 1048576K
}
Event: 249.488 GC heap before
{Heap before GC invocations=23 (full 3):
 PSYoungGen      total 227840K, used 227833K [0x00000000e0000000, 0x00000000f2880000, 0x0000000100000000)
  eden space 193024K, 100% used [0x00000000e0000000,0x00000000ebc80000,0x00000000ebc80000)
  from space 34816K, 99% used [0x00000000ebc80000,0x00000000ede7e530,0x00000000ede80000)
  to   space 40960K, 0% used [0x00000000f0080000,0x00000000f0080000,0x00000000f2880000)
 ParOldGen       total 151040K, used 47674K [0x00000000a0000000, 0x00000000a9380000, 0x00000000e0000000)
  object space 151040K, 31% used [0x00000000a0000000,0x00000000a2e8e800,0x00000000a9380000)
 Metaspace       used 77161K, capacity 79719K, committed 79960K, reserved 1118208K
  class space    used 9753K, capacity 10314K, committed 10368K, reserved 1048576K
Event: 249.548 GC heap after
Heap after GC invocations=23 (full 3):
 PSYoungGen      total 253952K, used 40943K [0x00000000e0000000, 0x00000000f3800000, 0x0000000100000000)
  eden space 212992K, 0% used [0x00000000e0000000,0x00000000e0000000,0x00000000ed000000)
  from space 40960K, 99% used [0x00000000f0080000,0x00000000f287bd20,0x00000000f2880000)
  to   space 49664K, 0% used [0x00000000ed000000,0x00000000ed000000,0x00000000f0080000)
 ParOldGen       total 151040K, used 53677K [0x00000000a0000000, 0x00000000a9380000, 0x00000000e0000000)
  object space 151040K, 35% used [0x00000000a0000000,0x00000000a346b6d0,0x00000000a9380000)
 Metaspace       used 77161K, capacity 79719K, committed 79960K, reserved 1118208K
  class space    used 9753K, capacity 10314K, committed 10368K, reserved 1048576K
}
Event: 254.082 GC heap before
{Heap before GC invocations=24 (full 3):
 PSYoungGen      total 253952K, used 253935K [0x00000000e0000000, 0x00000000f3800000, 0x0000000100000000)
  eden space 212992K, 100% used [0x00000000e0000000,0x00000000ed000000,0x00000000ed000000)
  from space 40960K, 99% used [0x00000000f0080000,0x00000000f287bd20,0x00000000f2880000)
  to   space 49664K, 0% used [0x00000000ed000000,0x00000000ed000000,0x00000000f0080000)
 ParOldGen       total 151040K, used 53677K [0x00000000a0000000, 0x00000000a9380000, 0x00000000e0000000)
  object space 151040K, 35% used [0x00000000a0000000,0x00000000a346b6d0,0x00000000a9380000)
 Metaspace       used 79607K, capacity 82443K, committed 82648K, reserved 1122304K
  class space    used 10024K, capacity 10626K, committed 10752K, reserved 1048576K
Event: 254.201 GC heap after
Heap after GC invocations=24 (full 3):
 PSYoungGen      total 262656K, used 49637K [0x00000000e0000000, 0x00000000f7700000, 0x0000000100000000)
  eden space 212992K, 0% used [0x00000000e0000000,0x00000000e0000000,0x00000000ed000000)
  from space 49664K, 99% used [0x00000000ed000000,0x00000000f0079680,0x00000000f0080000)
  to   space 68096K, 0% used [0x00000000f3480000,0x00000000f3480000,0x00000000f7700000)
 ParOldGen       total 151040K, used 82666K [0x00000000a0000000, 0x00000000a9380000, 0x00000000e0000000)
  object space 151040K, 54% used [0x00000000a0000000,0x00000000a50ba890,0x00000000a9380000)
 Metaspace       used 79607K, capacity 82443K, committed 82648K, reserved 1122304K
  class space    used 10024K, capacity 10626K, committed 10752K, reserved 1048576K
}
Event: 255.700 GC heap before
{Heap before GC invocations=25 (full 3):
 PSYoungGen      total 262656K, used 262629K [0x00000000e0000000, 0x00000000f7700000, 0x0000000100000000)
  eden space 212992K, 100% used [0x00000000e0000000,0x00000000ed000000,0x00000000ed000000)
  from space 49664K, 99% used [0x00000000ed000000,0x00000000f0079680,0x00000000f0080000)
  to   space 68096K, 0% used [0x00000000f3480000,0x00000000f3480000,0x00000000f7700000)
 ParOldGen       total 151040K, used 82666K [0x00000000a0000000, 0x00000000a9380000, 0x00000000e0000000)
  object space 151040K, 54% used [0x00000000a0000000,0x00000000a50ba890,0x00000000a9380000)
 Metaspace       used 79870K, capacity 82817K, committed 82904K, reserved 1122304K
  class space    used 10040K, capacity 10673K, committed 10752K, reserved 1048576K
Event: 255.872 GC heap after
Heap after GC invocations=25 (full 3):
 PSYoungGen      total 292864K, used 68064K [0x00000000e0000000, 0x00000000fb600000, 0x0000000100000000)
  eden space 224768K, 0% used [0x00000000e0000000,0x00000000e0000000,0x00000000edb80000)
  from space 68096K, 99% used [0x00000000f3480000,0x00000000f76f8308,0x00000000f7700000)
  to   space 91136K, 0% used [0x00000000edb80000,0x00000000edb80000,0x00000000f3480000)
 ParOldGen       total 151040K, used 114449K [0x00000000a0000000, 0x00000000a9380000, 0x00000000e0000000)
  object space 151040K, 75% used [0x00000000a0000000,0x00000000a6fc47e8,0x00000000a9380000)
 Metaspace       used 79870K, capacity 82817K, committed 82904K, reserved 1122304K
  class space    used 10040K, capacity 10673K, committed 10752K, reserved 1048576K
}
Event: 257.784 GC heap before
{Heap before GC invocations=26 (full 3):
 PSYoungGen      total 292864K, used 292832K [0x00000000e0000000, 0x00000000fb600000, 0x0000000100000000)
  eden space 224768K, 100% used [0x00000000e0000000,0x00000000edb80000,0x00000000edb80000)
  from space 68096K, 99% used [0x00000000f3480000,0x00000000f76f8308,0x00000000f7700000)
  to   space 91136K, 0% used [0x00000000edb80000,0x00000000edb80000,0x00000000f3480000)
 ParOldGen       total 151040K, used 114449K [0x00000000a0000000, 0x00000000a9380000, 0x00000000e0000000)
  object space 151040K, 75% used [0x00000000a0000000,0x00000000a6fc47e8,0x00000000a9380000)
 Metaspace       used 80653K, capacity 83705K, committed 83800K, reserved 1122304K
  class space    used 10137K, capacity 10791K, committed 10880K, reserved 1048576K

