# JRE version: OpenJDK Runtime Environment (8.0_152-b02) (build 1.8.0_152-release-1024-b02)
# Java VM: OpenJDK 64-Bit Server VM (25.152-b02 mixed mode windows-amd64 compressed oops)
Heap:
 PSYoungGen      total 385536K, used 64664K [0x00000000e0000000, 0x00000000fba80000, 0x0000000100000000)
  eden space 336384K, 4% used [0x00000000e0000000,0x00000000e0f262f0,0x00000000f4880000)
  from space 49152K, 99% used [0x00000000f8600000,0x00000000fb5fff38,0x00000000fb600000)
  to   space 58368K, 0% used [0x00000000f4880000,0x00000000f4880000,0x00000000f8180000)
 ParOldGen       total 181760K, used 132392K [0x00000000a0000000, 0x00000000ab180000, 0x00000000e0000000)
  object space 181760K, 72% used [0x00000000a0000000,0x00000000a814a270,0x00000000ab180000)
 Metaspace       used 91257K, capacity 97528K, committed 97624K, reserved 1134592K
  class space    used 11471K, capacity 12658K, committed 12672K, reserved 1048576K
GC Heap History (10 events):
Event: 5377.806 GC heap before
{Heap before GC invocations=36 (full 4):
 PSYoungGen      total 467968K, used 425792K [0x00000000e0000000, 0x0000000100000000, 0x0000000100000000)
  eden space 411648K, 100% used [0x00000000e0000000,0x00000000f9200000,0x00000000f9200000)
  from space 56320K, 25% used [0x00000000f9200000,0x00000000f9fd0198,0x00000000fc900000)
  to   space 54784K, 0% used [0x00000000fca80000,0x00000000fca80000,0x0000000100000000)
 ParOldGen       total 181760K, used 130811K [0x00000000a0000000, 0x00000000ab180000, 0x00000000e0000000)
  object space 181760K, 71% used [0x00000000a0000000,0x00000000a7fbef30,0x00000000ab180000)
 Metaspace       used 86774K, capacity 91512K, committed 91736K, reserved 1130496K
  class space    used 10744K, capacity 11618K, committed 11648K, reserved 1048576K
Event: 5377.817 GC heap after
Heap after GC invocations=36 (full 4):
 PSYoungGen      total 428544K, used 8229K [0x00000000e0000000, 0x00000000feb00000, 0x0000000100000000)
  eden space 395264K, 0% used [0x00000000e0000000,0x00000000e0000000,0x00000000f8200000)
  from space 33280K, 24% used [0x00000000fca80000,0x00000000fd2896e8,0x00000000feb00000)
  to   space 53760K, 0% used [0x00000000f8200000,0x00000000f8200000,0x00000000fb680000)
 ParOldGen       total 181760K, used 130811K [0x00000000a0000000, 0x00000000ab180000, 0x00000000e0000000)
  object space 181760K, 71% used [0x00000000a0000000,0x00000000a7fbef30,0x00000000ab180000)
 Metaspace       used 86774K, capacity 91512K, committed 91736K, reserved 1130496K
  class space    used 10744K, capacity 11618K, committed 11648K, reserved 1048576K
}
Event: 5527.159 GC heap before
{Heap before GC invocations=37 (full 4):
 PSYoungGen      total 428544K, used 403493K [0x00000000e0000000, 0x00000000feb00000, 0x0000000100000000)
  eden space 395264K, 100% used [0x00000000e0000000,0x00000000f8200000,0x00000000f8200000)
  from space 33280K, 24% used [0x00000000fca80000,0x00000000fd2896e8,0x00000000feb00000)
  to   space 53760K, 0% used [0x00000000f8200000,0x00000000f8200000,0x00000000fb680000)
 ParOldGen       total 181760K, used 130811K [0x00000000a0000000, 0x00000000ab180000, 0x00000000e0000000)
  object space 181760K, 71% used [0x00000000a0000000,0x00000000a7fbef30,0x00000000ab180000)
 Metaspace       used 86859K, capacity 91640K, committed 91736K, reserved 1130496K
  class space    used 10744K, capacity 11618K, committed 11648K, reserved 1048576K
Event: 5527.171 GC heap after
Heap after GC invocations=37 (full 4):
 PSYoungGen      total 387072K, used 7289K [0x00000000e0000000, 0x00000000fd980000, 0x0000000100000000)
  eden space 379392K, 0% used [0x00000000e0000000,0x00000000e0000000,0x00000000f7280000)
  from space 7680K, 94% used [0x00000000f8200000,0x00000000f891e758,0x00000000f8980000)
  to   space 52736K, 0% used [0x00000000fa600000,0x00000000fa600000,0x00000000fd980000)
 ParOldGen       total 181760K, used 130819K [0x00000000a0000000, 0x00000000ab180000, 0x00000000e0000000)
  object space 181760K, 71% used [0x00000000a0000000,0x00000000a7fc0f30,0x00000000ab180000)
 Metaspace       used 86859K, capacity 91640K, committed 91736K, reserved 1130496K
  class space    used 10744K, capacity 11618K, committed 11648K, reserved 1048576K
}
Event: 5759.493 GC heap before
{Heap before GC invocations=38 (full 4):
 PSYoungGen      total 387072K, used 386681K [0x00000000e0000000, 0x00000000fd980000, 0x0000000100000000)
  eden space 379392K, 100% used [0x00000000e0000000,0x00000000f7280000,0x00000000f7280000)
  from space 7680K, 94% used [0x00000000f8200000,0x00000000f891e758,0x00000000f8980000)
  to   space 52736K, 0% used [0x00000000fa600000,0x00000000fa600000,0x00000000fd980000)
 ParOldGen       total 181760K, used 130819K [0x00000000a0000000, 0x00000000ab180000, 0x00000000e0000000)
  object space 181760K, 71% used [0x00000000a0000000,0x00000000a7fc0f30,0x00000000ab180000)
 Metaspace       used 87713K, capacity 92708K, committed 92760K, reserved 1130496K
  class space    used 10891K, capacity 11863K, committed 11904K, reserved 1048576K
Event: 5759.509 GC heap after
Heap after GC invocations=38 (full 4):
 PSYoungGen      total 399360K, used 8214K [0x00000000e0000000, 0x00000000fc800000, 0x0000000100000000)
  eden space 364544K, 0% used [0x00000000e0000000,0x00000000e0000000,0x00000000f6400000)
  from space 34816K, 23% used [0x00000000fa600000,0x00000000fae05830,0x00000000fc800000)
  to   space 51200K, 0% used [0x00000000f6400000,0x00000000f6400000,0x00000000f9600000)
 ParOldGen       total 181760K, used 130827K [0x00000000a0000000, 0x00000000ab180000, 0x00000000e0000000)
  object space 181760K, 71% used [0x00000000a0000000,0x00000000a7fc2f30,0x00000000ab180000)
 Metaspace       used 87713K, capacity 92708K, committed 92760K, reserved 1130496K
  class space    used 10891K, capacity 11863K, committed 11904K, reserved 1048576K
}
Event: 5771.388 GC heap before
{Heap before GC invocations=39 (full 4):
 PSYoungGen      total 399360K, used 372758K [0x00000000e0000000, 0x00000000fc800000, 0x0000000100000000)
  eden space 364544K, 100% used [0x00000000e0000000,0x00000000f6400000,0x00000000f6400000)
  from space 34816K, 23% used [0x00000000fa600000,0x00000000fae05830,0x00000000fc800000)
  to   space 51200K, 0% used [0x00000000f6400000,0x00000000f6400000,0x00000000f9600000)
 ParOldGen       total 181760K, used 130827K [0x00000000a0000000, 0x00000000ab180000, 0x00000000e0000000)
  object space 181760K, 71% used [0x00000000a0000000,0x00000000a7fc2f30,0x00000000ab180000)
 Metaspace       used 90466K, capacity 95808K, committed 96088K, reserved 1132544K
  class space    used 11322K, capacity 12356K, committed 12416K, reserved 1048576K
Event: 5771.436 GC heap after
Heap after GC invocations=39 (full 4):
 PSYoungGen      total 372736K, used 22142K [0x00000000e0000000, 0x00000000fb600000, 0x0000000100000000)
  eden space 350208K, 0% used [0x00000000e0000000,0x00000000e0000000,0x00000000f5600000)
  from space 22528K, 98% used [0x00000000f6400000,0x00000000f799fba8,0x00000000f7a00000)
  to   space 49152K, 0% used [0x00000000f8600000,0x00000000f8600000,0x00000000fb600000)
 ParOldGen       total 181760K, used 130835K [0x00000000a0000000, 0x00000000ab180000, 0x00000000e0000000)
  object space 181760K, 71% used [0x00000000a0000000,0x00000000a7fc4f30,0x00000000ab180000)
 Metaspace       used 90466K, capacity 95808K, committed 96088K, reserved 1132544K
  class space    used 11322K, capacity 12356K, committed 12416K, reserved 1048576K
}
Event: 6305.765 GC heap before
{Heap before GC invocations=40 (full 4):
 PSYoungGen      total 372736K, used 372350K [0x00000000e0000000, 0x00000000fb600000, 0x0000000100000000)
  eden space 350208K, 100% used [0x00000000e0000000,0x00000000f5600000,0x00000000f5600000)
  from space 22528K, 98% used [0x00000000f6400000,0x00000000f799fba8,0x00000000f7a00000)
  to   space 49152K, 0% used [0x00000000f8600000,0x00000000f8600000,0x00000000fb600000)
 ParOldGen       total 181760K, used 130835K [0x00000000a0000000, 0x00000000ab180000, 0x00000000e0000000)
  object space 181760K, 71% used [0x00000000a0000000,0x00000000a7fc4f30,0x00000000ab180000)
 Metaspace       used 91252K, capacity 97528K, committed 97624K, reserved 1134592K
  class space    used 11471K, capacity 12658K, committed 12672K, reserved 1048576K
Event: 6305.897 GC heap after
Heap after GC invocations=40 (full 4):
 PSYoungGen      total 385536K, used 49151K [0x00000000e0000000, 0x00000000fba80000, 0x0000000100000000)
  eden space 336384K, 0% used [0x00000000e0000000,0x00000000e0000000,0x00000000f4880000)
  from space 49152K, 99% used [0x00000000f8600000,0x00000000fb5fff38,0x00000000fb600000)
  to   space 58368K, 0% used [0x00000000f4880000,0x00000000f4880000,0x00000000f8180000)
 ParOldGen       total 181760K, used 132392K [0x00000000a0000000, 0x00000000ab180000, 0x00000000e0000000)
  object space 181760K, 72% used [0x00000000a0000000,0x00000000a814a270,0x00000000ab180000)
 Metaspace       used 91252K, capacity 97528K, committed 97624K, reserved 1134592K
  class space    used 11471K, capacity 12658K, committed 12672K, reserved 1048576K
}

