# JRE version: OpenJDK Runtime Environment (8.0_152-b02) (build 1.8.0_152-release-1024-b02)
# Java VM: OpenJDK 64-Bit Server VM (25.152-b02 mixed mode windows-amd64 compressed oops)
Heap:
 PSYoungGen      total 303616K, used 36050K [0x00000000e0000000, 0x00000000f7700000, 0x0000000100000000)
  eden space 262144K, 13% used [0x00000000e0000000,0x00000000e2334b90,0x00000000f0000000)
  from space 41472K, 0% used [0x00000000f0000000,0x00000000f0000000,0x00000000f2880000)
  to   space 42496K, 0% used [0x00000000f4d80000,0x00000000f4d80000,0x00000000f7700000)
 ParOldGen       total 211968K, used 78327K [0x00000000a0000000, 0x00000000acf00000, 0x00000000e0000000)
  object space 211968K, 36% used [0x00000000a0000000,0x00000000a4c7dd10,0x00000000acf00000)
 Metaspace       used 79800K, capacity 82725K, committed 82904K, reserved 1122304K
  class space    used 10025K, capacity 10629K, committed 10752K, reserved 1048576K
GC Heap History (10 events):
Event: 422.374 GC heap before
{Heap before GC invocations=19 (full 3):
 PSYoungGen      total 219648K, used 214725K [0x00000000e0000000, 0x00000000f1a80000, 0x0000000100000000)
  eden space 199680K, 100% used [0x00000000e0000000,0x00000000ec300000,0x00000000ec300000)
  from space 19968K, 75% used [0x00000000ec300000,0x00000000ed1b1510,0x00000000ed680000)
  to   space 20992K, 0% used [0x00000000f0600000,0x00000000f0600000,0x00000000f1a80000)
 ParOldGen       total 125952K, used 62636K [0x00000000a0000000, 0x00000000a7b00000, 0x00000000e0000000)
  object space 125952K, 49% used [0x00000000a0000000,0x00000000a3d2b020,0x00000000a7b00000)
 Metaspace       used 63981K, capacity 66123K, committed 66392K, reserved 1107968K
  class space    used 8289K, capacity 8804K, committed 8832K, reserved 1048576K
Event: 422.400 GC heap after
Heap after GC invocations=19 (full 3):
 PSYoungGen      total 265216K, used 17738K [0x00000000e0000000, 0x00000000f1a80000, 0x0000000100000000)
  eden space 244224K, 0% used [0x00000000e0000000,0x00000000e0000000,0x00000000eee80000)
  from space 20992K, 84% used [0x00000000f0600000,0x00000000f1752b68,0x00000000f1a80000)
  to   space 22528K, 0% used [0x00000000eee80000,0x00000000eee80000,0x00000000f0480000)
 ParOldGen       total 125952K, used 62644K [0x00000000a0000000, 0x00000000a7b00000, 0x00000000e0000000)
  object space 125952K, 49% used [0x00000000a0000000,0x00000000a3d2d020,0x00000000a7b00000)
 Metaspace       used 63981K, capacity 66123K, committed 66392K, reserved 1107968K
  class space    used 8289K, capacity 8804K, committed 8832K, reserved 1048576K
}
Event: 439.609 GC heap before
{Heap before GC invocations=20 (full 3):
 PSYoungGen      total 265216K, used 261759K [0x00000000e0000000, 0x00000000f1a80000, 0x0000000100000000)
  eden space 244224K, 99% used [0x00000000e0000000,0x00000000eee4d1a0,0x00000000eee80000)
  from space 20992K, 84% used [0x00000000f0600000,0x00000000f1752b68,0x00000000f1a80000)
  to   space 22528K, 0% used [0x00000000eee80000,0x00000000eee80000,0x00000000f0480000)
 ParOldGen       total 125952K, used 62644K [0x00000000a0000000, 0x00000000a7b00000, 0x00000000e0000000)
  object space 125952K, 49% used [0x00000000a0000000,0x00000000a3d2d020,0x00000000a7b00000)
 Metaspace       used 68782K, capacity 71091K, committed 71384K, reserved 1112064K
  class space    used 8844K, capacity 9370K, committed 9472K, reserved 1048576K
Event: 439.644 GC heap after
Heap after GC invocations=20 (full 3):
 PSYoungGen      total 266752K, used 22500K [0x00000000e0000000, 0x00000000f4380000, 0x0000000100000000)
  eden space 244224K, 0% used [0x00000000e0000000,0x00000000e0000000,0x00000000eee80000)
  from space 22528K, 99% used [0x00000000eee80000,0x00000000f0479068,0x00000000f0480000)
  to   space 27648K, 0% used [0x00000000f2880000,0x00000000f2880000,0x00000000f4380000)
 ParOldGen       total 125952K, used 67537K [0x00000000a0000000, 0x00000000a7b00000, 0x00000000e0000000)
  object space 125952K, 53% used [0x00000000a0000000,0x00000000a41f4728,0x00000000a7b00000)
 Metaspace       used 68782K, capacity 71091K, committed 71384K, reserved 1112064K
  class space    used 8844K, capacity 9370K, committed 9472K, reserved 1048576K
}
Event: 448.775 GC heap before
{Heap before GC invocations=21 (full 3):
 PSYoungGen      total 266752K, used 266724K [0x00000000e0000000, 0x00000000f4380000, 0x0000000100000000)
  eden space 244224K, 99% used [0x00000000e0000000,0x00000000eee7fff8,0x00000000eee80000)
  from space 22528K, 99% used [0x00000000eee80000,0x00000000f0479068,0x00000000f0480000)
  to   space 27648K, 0% used [0x00000000f2880000,0x00000000f2880000,0x00000000f4380000)
 ParOldGen       total 125952K, used 67537K [0x00000000a0000000, 0x00000000a7b00000, 0x00000000e0000000)
  object space 125952K, 53% used [0x00000000a0000000,0x00000000a41f4728,0x00000000a7b00000)
 Metaspace       used 73323K, capacity 75819K, committed 76120K, reserved 1116160K
  class space    used 9255K, capacity 9844K, committed 9856K, reserved 1048576K
Event: 448.849 GC heap after
Heap after GC invocations=21 (full 3):
 PSYoungGen      total 289792K, used 27622K [0x00000000e0000000, 0x00000000f5e80000, 0x0000000100000000)
  eden space 262144K, 0% used [0x00000000e0000000,0x00000000e0000000,0x00000000f0000000)
  from space 27648K, 99% used [0x00000000f2880000,0x00000000f4379870,0x00000000f4380000)
  to   space 41472K, 0% used [0x00000000f0000000,0x00000000f0000000,0x00000000f2880000)
 ParOldGen       total 125952K, used 94670K [0x00000000a0000000, 0x00000000a7b00000, 0x00000000e0000000)
  object space 125952K, 75% used [0x00000000a0000000,0x00000000a5c739d0,0x00000000a7b00000)
 Metaspace       used 73323K, capacity 75819K, committed 76120K, reserved 1116160K
  class space    used 9255K, capacity 9844K, committed 9856K, reserved 1048576K
}
Event: 454.030 GC heap before
{Heap before GC invocations=22 (full 3):
 PSYoungGen      total 289792K, used 289766K [0x00000000e0000000, 0x00000000f5e80000, 0x0000000100000000)
  eden space 262144K, 100% used [0x00000000e0000000,0x00000000f0000000,0x00000000f0000000)
  from space 27648K, 99% used [0x00000000f2880000,0x00000000f4379870,0x00000000f4380000)
  to   space 41472K, 0% used [0x00000000f0000000,0x00000000f0000000,0x00000000f2880000)
 ParOldGen       total 125952K, used 94670K [0x00000000a0000000, 0x00000000a7b00000, 0x00000000e0000000)
  object space 125952K, 75% used [0x00000000a0000000,0x00000000a5c739d0,0x00000000a7b00000)
 Metaspace       used 79261K, capacity 82127K, committed 82264K, reserved 1120256K
  class space    used 9938K, capacity 10552K, committed 10624K, reserved 1048576K
Event: 454.094 GC heap after
Heap after GC invocations=22 (full 3):
 PSYoungGen      total 303616K, used 26581K [0x00000000e0000000, 0x00000000f7700000, 0x0000000100000000)
  eden space 262144K, 0% used [0x00000000e0000000,0x00000000e0000000,0x00000000f0000000)
  from space 41472K, 64% used [0x00000000f0000000,0x00000000f19f55b0,0x00000000f2880000)
  to   space 42496K, 0% used [0x00000000f4d80000,0x00000000f4d80000,0x00000000f7700000)
 ParOldGen       total 125952K, used 121259K [0x00000000a0000000, 0x00000000a7b00000, 0x00000000e0000000)
  object space 125952K, 96% used [0x00000000a0000000,0x00000000a766ac20,0x00000000a7b00000)
 Metaspace       used 79261K, capacity 82127K, committed 82264K, reserved 1120256K
  class space    used 9938K, capacity 10552K, committed 10624K, reserved 1048576K
}
Event: 454.094 GC heap before
{Heap before GC invocations=23 (full 4):
 PSYoungGen      total 303616K, used 26581K [0x00000000e0000000, 0x00000000f7700000, 0x0000000100000000)
  eden space 262144K, 0% used [0x00000000e0000000,0x00000000e0000000,0x00000000f0000000)
  from space 41472K, 64% used [0x00000000f0000000,0x00000000f19f55b0,0x00000000f2880000)
  to   space 42496K, 0% used [0x00000000f4d80000,0x00000000f4d80000,0x00000000f7700000)
 ParOldGen       total 125952K, used 121259K [0x00000000a0000000, 0x00000000a7b00000, 0x00000000e0000000)
  object space 125952K, 96% used [0x00000000a0000000,0x00000000a766ac20,0x00000000a7b00000)
 Metaspace       used 79261K, capacity 82127K, committed 82264K, reserved 1120256K
  class space    used 9938K, capacity 10552K, committed 10624K, reserved 1048576K
Event: 454.425 GC heap after
Heap after GC invocations=23 (full 4):
 PSYoungGen      total 303616K, used 0K [0x00000000e0000000, 0x00000000f7700000, 0x0000000100000000)
  eden space 262144K, 0% used [0x00000000e0000000,0x00000000e0000000,0x00000000f0000000)
  from space 41472K, 0% used [0x00000000f0000000,0x00000000f0000000,0x00000000f2880000)
  to   space 42496K, 0% used [0x00000000f4d80000,0x00000000f4d80000,0x00000000f7700000)
 ParOldGen       total 211968K, used 78327K [0x00000000a0000000, 0x00000000acf00000, 0x00000000e0000000)
  object space 211968K, 36% used [0x00000000a0000000,0x00000000a4c7dd10,0x00000000acf00000)
 Metaspace       used 79261K, capacity 82127K, committed 82264K, reserved 1120256K
  class space    used 9938K, capacity 10552K, committed 10624K, reserved 1048576K
}

