# JRE version: OpenJDK Runtime Environment (8.0_152-b02) (build 1.8.0_152-release-1024-b02)
# Java VM: OpenJDK 64-Bit Server VM (25.152-b02 mixed mode windows-amd64 compressed oops)
Heap:
 PSYoungGen      total 406016K, used 209844K [0x00000000e0000000, 0x00000000fc780000, 0x0000000100000000)
  eden space 374784K, 47% used [0x00000000e0000000,0x00000000eae72068,0x00000000f6e00000)
  from space 31232K, 99% used [0x00000000fa900000,0x00000000fc77b320,0x00000000fc780000)
  to   space 36352K, 0% used [0x00000000f8080000,0x00000000f8080000,0x00000000fa400000)
 ParOldGen       total 144896K, used 48408K [0x00000000a0000000, 0x00000000a8d80000, 0x00000000e0000000)
  object space 144896K, 33% used [0x00000000a0000000,0x00000000a2f462e8,0x00000000a8d80000)
 Metaspace       used 67680K, capacity 70220K, committed 70360K, reserved 1110016K
  class space    used 8965K, capacity 9578K, committed 9688K, reserved 1048576K
GC Heap History (10 events):
Event: 21.772 GC heap before
{Heap before GC invocations=9 (full 2):
 PSYoungGen      total 214016K, used 204288K [0x00000000e0000000, 0x00000000ee780000, 0x0000000100000000)
  eden space 204288K, 100% used [0x00000000e0000000,0x00000000ec780000,0x00000000ec780000)
  from space 9728K, 0% used [0x00000000ede00000,0x00000000ede00000,0x00000000ee780000)
  to   space 14848K, 0% used [0x00000000eca80000,0x00000000eca80000,0x00000000ed900000)
 ParOldGen       total 92160K, used 17457K [0x00000000a0000000, 0x00000000a5a00000, 0x00000000e0000000)
  object space 92160K, 18% used [0x00000000a0000000,0x00000000a110c4c0,0x00000000a5a00000)
 Metaspace       used 47743K, capacity 48906K, committed 49112K, reserved 1091584K
  class space    used 6492K, capacity 6870K, committed 6872K, reserved 1048576K
Event: 21.796 GC heap after
Heap after GC invocations=9 (full 2):
 PSYoungGen      total 222208K, used 14816K [0x00000000e0000000, 0x00000000f5380000, 0x0000000100000000)
  eden space 207360K, 0% used [0x00000000e0000000,0x00000000e0000000,0x00000000eca80000)
  from space 14848K, 99% used [0x00000000eca80000,0x00000000ed8f8158,0x00000000ed900000)
  to   space 19456K, 0% used [0x00000000f4080000,0x00000000f4080000,0x00000000f5380000)
 ParOldGen       total 92160K, used 22524K [0x00000000a0000000, 0x00000000a5a00000, 0x00000000e0000000)
  object space 92160K, 24% used [0x00000000a0000000,0x00000000a15ff140,0x00000000a5a00000)
 Metaspace       used 47743K, capacity 48906K, committed 49112K, reserved 1091584K
  class space    used 6492K, capacity 6870K, committed 6872K, reserved 1048576K
}
Event: 25.436 GC heap before
{Heap before GC invocations=10 (full 2):
 PSYoungGen      total 222208K, used 222176K [0x00000000e0000000, 0x00000000f5380000, 0x0000000100000000)
  eden space 207360K, 100% used [0x00000000e0000000,0x00000000eca80000,0x00000000eca80000)
  from space 14848K, 99% used [0x00000000eca80000,0x00000000ed8f8158,0x00000000ed900000)
  to   space 19456K, 0% used [0x00000000f4080000,0x00000000f4080000,0x00000000f5380000)
 ParOldGen       total 92160K, used 22524K [0x00000000a0000000, 0x00000000a5a00000, 0x00000000e0000000)
  object space 92160K, 24% used [0x00000000a0000000,0x00000000a15ff140,0x00000000a5a00000)
 Metaspace       used 54581K, capacity 56422K, committed 56664K, reserved 1097728K
  class space    used 7536K, capacity 8014K, committed 8024K, reserved 1048576K
Event: 25.490 GC heap after
Heap after GC invocations=10 (full 2):
 PSYoungGen      total 320000K, used 19430K [0x00000000e0000000, 0x00000000f6700000, 0x0000000100000000)
  eden space 300544K, 0% used [0x00000000e0000000,0x00000000e0000000,0x00000000f2580000)
  from space 19456K, 99% used [0x00000000f4080000,0x00000000f5379bc8,0x00000000f5380000)
  to   space 27648K, 0% used [0x00000000f2580000,0x00000000f2580000,0x00000000f4080000)
 ParOldGen       total 92160K, used 34576K [0x00000000a0000000, 0x00000000a5a00000, 0x00000000e0000000)
  object space 92160K, 37% used [0x00000000a0000000,0x00000000a21c41f8,0x00000000a5a00000)
 Metaspace       used 54581K, capacity 56422K, committed 56664K, reserved 1097728K
  class space    used 7536K, capacity 8014K, committed 8024K, reserved 1048576K
}
Event: 26.651 GC heap before
{Heap before GC invocations=11 (full 2):
 PSYoungGen      total 320000K, used 67534K [0x00000000e0000000, 0x00000000f6700000, 0x0000000100000000)
  eden space 300544K, 16% used [0x00000000e0000000,0x00000000e2ef9e60,0x00000000f2580000)
  from space 19456K, 99% used [0x00000000f4080000,0x00000000f5379bc8,0x00000000f5380000)
  to   space 27648K, 0% used [0x00000000f2580000,0x00000000f2580000,0x00000000f4080000)
 ParOldGen       total 92160K, used 34576K [0x00000000a0000000, 0x00000000a5a00000, 0x00000000e0000000)
  object space 92160K, 37% used [0x00000000a0000000,0x00000000a21c41f8,0x00000000a5a00000)
 Metaspace       used 56881K, capacity 58838K, committed 59028K, reserved 1099776K
  class space    used 7872K, capacity 8395K, committed 8408K, reserved 1048576K
Event: 26.693 GC heap after
Heap after GC invocations=11 (full 2):
 PSYoungGen      total 328192K, used 24920K [0x00000000e0000000, 0x00000000fc780000, 0x0000000100000000)
  eden space 300544K, 0% used [0x00000000e0000000,0x00000000e0000000,0x00000000f2580000)
  from space 27648K, 90% used [0x00000000f2580000,0x00000000f3dd6348,0x00000000f4080000)
  to   space 31232K, 0% used [0x00000000fa900000,0x00000000fa900000,0x00000000fc780000)
 ParOldGen       total 92160K, used 34576K [0x00000000a0000000, 0x00000000a5a00000, 0x00000000e0000000)
  object space 92160K, 37% used [0x00000000a0000000,0x00000000a21c41f8,0x00000000a5a00000)
 Metaspace       used 56881K, capacity 58838K, committed 59028K, reserved 1099776K
  class space    used 7872K, capacity 8395K, committed 8408K, reserved 1048576K
}
Event: 26.693 GC heap before
{Heap before GC invocations=12 (full 3):
 PSYoungGen      total 328192K, used 24920K [0x00000000e0000000, 0x00000000fc780000, 0x0000000100000000)
  eden space 300544K, 0% used [0x00000000e0000000,0x00000000e0000000,0x00000000f2580000)
  from space 27648K, 90% used [0x00000000f2580000,0x00000000f3dd6348,0x00000000f4080000)
  to   space 31232K, 0% used [0x00000000fa900000,0x00000000fa900000,0x00000000fc780000)
 ParOldGen       total 92160K, used 34576K [0x00000000a0000000, 0x00000000a5a00000, 0x00000000e0000000)
  object space 92160K, 37% used [0x00000000a0000000,0x00000000a21c41f8,0x00000000a5a00000)
 Metaspace       used 56881K, capacity 58838K, committed 59028K, reserved 1099776K
  class space    used 7872K, capacity 8395K, committed 8408K, reserved 1048576K
Event: 27.105 GC heap after
Heap after GC invocations=12 (full 3):
 PSYoungGen      total 328192K, used 0K [0x00000000e0000000, 0x00000000fc780000, 0x0000000100000000)
  eden space 300544K, 0% used [0x00000000e0000000,0x00000000e0000000,0x00000000f2580000)
  from space 27648K, 0% used [0x00000000f2580000,0x00000000f2580000,0x00000000f4080000)
  to   space 31232K, 0% used [0x00000000fa900000,0x00000000fa900000,0x00000000fc780000)
 ParOldGen       total 144896K, used 46680K [0x00000000a0000000, 0x00000000a8d80000, 0x00000000e0000000)
  object space 144896K, 32% used [0x00000000a0000000,0x00000000a2d96018,0x00000000a8d80000)
 Metaspace       used 56881K, capacity 58838K, committed 59028K, reserved 1099776K
  class space    used 7872K, capacity 8395K, committed 8408K, reserved 1048576K
}
Event: 47.688 GC heap before
{Heap before GC invocations=13 (full 3):
 PSYoungGen      total 328192K, used 300544K [0x00000000e0000000, 0x00000000fc780000, 0x0000000100000000)
  eden space 300544K, 100% used [0x00000000e0000000,0x00000000f2580000,0x00000000f2580000)
  from space 27648K, 0% used [0x00000000f2580000,0x00000000f2580000,0x00000000f4080000)
  to   space 31232K, 0% used [0x00000000fa900000,0x00000000fa900000,0x00000000fc780000)
 ParOldGen       total 144896K, used 46680K [0x00000000a0000000, 0x00000000a8d80000, 0x00000000e0000000)
  object space 144896K, 32% used [0x00000000a0000000,0x00000000a2d96018,0x00000000a8d80000)
 Metaspace       used 65369K, capacity 67702K, committed 68056K, reserved 1107968K
  class space    used 8737K, capacity 9317K, committed 9432K, reserved 1048576K
Event: 47.747 GC heap after
Heap after GC invocations=13 (full 3):
 PSYoungGen      total 406016K, used 31212K [0x00000000e0000000, 0x00000000fc780000, 0x0000000100000000)
  eden space 374784K, 0% used [0x00000000e0000000,0x00000000e0000000,0x00000000f6e00000)
  from space 31232K, 99% used [0x00000000fa900000,0x00000000fc77b320,0x00000000fc780000)
  to   space 36352K, 0% used [0x00000000f8080000,0x00000000f8080000,0x00000000fa400000)
 ParOldGen       total 144896K, used 48408K [0x00000000a0000000, 0x00000000a8d80000, 0x00000000e0000000)
  object space 144896K, 33% used [0x00000000a0000000,0x00000000a2f462e8,0x00000000a8d80000)
 Metaspace       used 65369K, capacity 67702K, committed 68056K, reserved 1107968K
  class space    used 8737K, capacity 9317K, committed 9432K, reserved 1048576K
}

