# JRE version: OpenJDK Runtime Environment (8.0_152-b02) (build 1.8.0_152-release-1024-b02)
# Java VM: OpenJDK 64-Bit Server VM (25.152-b02 mixed mode windows-amd64 compressed oops)
Heap:
 PSYoungGen      total 456704K, used 411056K [0x00000000e0000000, 0x00000000ff880000, 0x0000000100000000)
  eden space 395264K, 99% used [0x00000000e0000000,0x00000000f81bd958,0x00000000f8200000)
  from space 61440K, 26% used [0x00000000fbc00000,0x00000000fcbae7e0,0x00000000ff800000)
  to   space 59392K, 12% used [0x00000000f8200000,0x00000000f89500f8,0x00000000fbc00000)
 ParOldGen       total 217088K, used 75968K [0x00000000a0000000, 0x00000000ad400000, 0x00000000e0000000)
  object space 217088K, 34% used [0x00000000a0000000,0x00000000a4a30070,0x00000000ad400000)
 Metaspace       used 91179K, capacity 97486K, committed 97752K, reserved 1134592K
  class space    used 11355K, capacity 12519K, committed 12544K, reserved 1048576K
GC Heap History (10 events):
Event: 10367.186 GC heap after
Heap after GC invocations=50 (full 4):
 PSYoungGen      total 431104K, used 23299K [0x00000000e0000000, 0x00000000ff080000, 0x0000000100000000)
  eden space 361472K, 0% used [0x00000000e0000000,0x00000000e0000000,0x00000000f6100000)
  from space 69632K, 33% used [0x00000000fa200000,0x00000000fb8c0d50,0x00000000fe600000)
  to   space 66560K, 0% used [0x00000000f6100000,0x00000000f6100000,0x00000000fa200000)
 ParOldGen       total 217088K, used 68298K [0x00000000a0000000, 0x00000000ad400000, 0x00000000e0000000)
  object space 217088K, 31% used [0x00000000a0000000,0x00000000a42b2a08,0x00000000ad400000)
 Metaspace       used 90881K, capacity 97084K, committed 97240K, reserved 1134592K
  class space    used 11326K, capacity 12466K, committed 12544K, reserved 1048576K
}
Event: 10367.244 GC heap before
{Heap before GC invocations=51 (full 4):
 PSYoungGen      total 431104K, used 384267K [0x00000000e0000000, 0x00000000ff080000, 0x0000000100000000)
  eden space 361472K, 99% used [0x00000000e0000000,0x00000000f6082078,0x00000000f6100000)
  from space 69632K, 33% used [0x00000000fa200000,0x00000000fb8c0d50,0x00000000fe600000)
  to   space 66560K, 0% used [0x00000000f6100000,0x00000000f6100000,0x00000000fa200000)
 ParOldGen       total 217088K, used 68298K [0x00000000a0000000, 0x00000000ad400000, 0x00000000e0000000)
  object space 217088K, 31% used [0x00000000a0000000,0x00000000a42b2a08,0x00000000ad400000)
 Metaspace       used 90881K, capacity 97084K, committed 97240K, reserved 1134592K
  class space    used 11326K, capacity 12466K, committed 12544K, reserved 1048576K
Event: 10367.296 GC heap after
Heap after GC invocations=51 (full 4):
 PSYoungGen      total 428032K, used 10852K [0x00000000e0000000, 0x00000000ffc00000, 0x0000000100000000)
  eden space 361472K, 0% used [0x00000000e0000000,0x00000000e0000000,0x00000000f6100000)
  from space 66560K, 16% used [0x00000000f6100000,0x00000000f6b99310,0x00000000fa200000)
  to   space 66048K, 0% used [0x00000000fbb80000,0x00000000fbb80000,0x00000000ffc00000)
 ParOldGen       total 217088K, used 74824K [0x00000000a0000000, 0x00000000ad400000, 0x00000000e0000000)
  object space 217088K, 34% used [0x00000000a0000000,0x00000000a4912010,0x00000000ad400000)
 Metaspace       used 90881K, capacity 97084K, committed 97240K, reserved 1134592K
  class space    used 11326K, capacity 12466K, committed 12544K, reserved 1048576K
}
Event: 12588.877 GC heap before
{Heap before GC invocations=52 (full 4):
 PSYoungGen      total 428032K, used 372324K [0x00000000e0000000, 0x00000000ffc00000, 0x0000000100000000)
  eden space 361472K, 100% used [0x00000000e0000000,0x00000000f6100000,0x00000000f6100000)
  from space 66560K, 16% used [0x00000000f6100000,0x00000000f6b99310,0x00000000fa200000)
  to   space 66048K, 0% used [0x00000000fbb80000,0x00000000fbb80000,0x00000000ffc00000)
 ParOldGen       total 217088K, used 74824K [0x00000000a0000000, 0x00000000ad400000, 0x00000000e0000000)
  object space 217088K, 34% used [0x00000000a0000000,0x00000000a4912010,0x00000000ad400000)
 Metaspace       used 90920K, capacity 97160K, committed 97240K, reserved 1134592K
  class space    used 11328K, capacity 12468K, committed 12544K, reserved 1048576K
Event: 12588.935 GC heap after
Heap after GC invocations=52 (full 4):
 PSYoungGen      total 455168K, used 9712K [0x00000000e0000000, 0x00000000ffd80000, 0x0000000100000000)
  eden space 389120K, 0% used [0x00000000e0000000,0x00000000e0000000,0x00000000f7c00000)
  from space 66048K, 14% used [0x00000000fbb80000,0x00000000fc4fc050,0x00000000ffc00000)
  to   space 65024K, 0% used [0x00000000f7c00000,0x00000000f7c00000,0x00000000fbb80000)
 ParOldGen       total 217088K, used 75540K [0x00000000a0000000, 0x00000000ad400000, 0x00000000e0000000)
  object space 217088K, 34% used [0x00000000a0000000,0x00000000a49c5040,0x00000000ad400000)
 Metaspace       used 90920K, capacity 97160K, committed 97240K, reserved 1134592K
  class space    used 11328K, capacity 12468K, committed 12544K, reserved 1048576K
}
Event: 12596.433 GC heap before
{Heap before GC invocations=53 (full 4):
 PSYoungGen      total 455168K, used 398728K [0x00000000e0000000, 0x00000000ffd80000, 0x0000000100000000)
  eden space 389120K, 99% used [0x00000000e0000000,0x00000000f7be6380,0x00000000f7c00000)
  from space 66048K, 14% used [0x00000000fbb80000,0x00000000fc4fc050,0x00000000ffc00000)
  to   space 65024K, 0% used [0x00000000f7c00000,0x00000000f7c00000,0x00000000fbb80000)
 ParOldGen       total 217088K, used 75540K [0x00000000a0000000, 0x00000000ad400000, 0x00000000e0000000)
  object space 217088K, 34% used [0x00000000a0000000,0x00000000a49c5040,0x00000000ad400000)
 Metaspace       used 90983K, capacity 97234K, committed 97496K, reserved 1134592K
  class space    used 11329K, capacity 12469K, committed 12544K, reserved 1048576K
Event: 12596.504 GC heap after
Heap after GC invocations=53 (full 4):
 PSYoungGen      total 454144K, used 22961K [0x00000000e0000000, 0x00000000ff800000, 0x0000000100000000)
  eden space 389120K, 0% used [0x00000000e0000000,0x00000000e0000000,0x00000000f7c00000)
  from space 65024K, 35% used [0x00000000f7c00000,0x00000000f926c6a0,0x00000000fbb80000)
  to   space 61440K, 0% used [0x00000000fbc00000,0x00000000fbc00000,0x00000000ff800000)
 ParOldGen       total 217088K, used 75920K [0x00000000a0000000, 0x00000000ad400000, 0x00000000e0000000)
  object space 217088K, 34% used [0x00000000a0000000,0x00000000a4a24070,0x00000000ad400000)
 Metaspace       used 90983K, capacity 97234K, committed 97496K, reserved 1134592K
  class space    used 11329K, capacity 12469K, committed 12544K, reserved 1048576K
}
Event: 12596.611 GC heap before
{Heap before GC invocations=54 (full 4):
 PSYoungGen      total 454144K, used 411441K [0x00000000e0000000, 0x00000000ff800000, 0x0000000100000000)
  eden space 389120K, 99% used [0x00000000e0000000,0x00000000f7b600b8,0x00000000f7c00000)
  from space 65024K, 35% used [0x00000000f7c00000,0x00000000f926c6a0,0x00000000fbb80000)
  to   space 61440K, 0% used [0x00000000fbc00000,0x00000000fbc00000,0x00000000ff800000)
 ParOldGen       total 217088K, used 75920K [0x00000000a0000000, 0x00000000ad400000, 0x00000000e0000000)
  object space 217088K, 34% used [0x00000000a0000000,0x00000000a4a24070,0x00000000ad400000)
 Metaspace       used 90983K, capacity 97234K, committed 97496K, reserved 1134592K
  class space    used 11329K, capacity 12469K, committed 12544K, reserved 1048576K
Event: 12596.669 GC heap after
Heap after GC invocations=54 (full 4):
 PSYoungGen      total 456704K, used 16057K [0x00000000e0000000, 0x00000000ff880000, 0x0000000100000000)
  eden space 395264K, 0% used [0x00000000e0000000,0x00000000e0000000,0x00000000f8200000)
  from space 61440K, 26% used [0x00000000fbc00000,0x00000000fcbae7e0,0x00000000ff800000)
  to   space 59392K, 0% used [0x00000000f8200000,0x00000000f8200000,0x00000000fbc00000)
 ParOldGen       total 217088K, used 75936K [0x00000000a0000000, 0x00000000ad400000, 0x00000000e0000000)
  object space 217088K, 34% used [0x00000000a0000000,0x00000000a4a28070,0x00000000ad400000)
 Metaspace       used 90983K, capacity 97234K, committed 97496K, reserved 1134592K
  class space    used 11329K, capacity 12469K, committed 12544K, reserved 1048576K
}
Event: 12895.730 GC heap before
{Heap before GC invocations=55 (full 4):
 PSYoungGen      total 456704K, used 411056K [0x00000000e0000000, 0x00000000ff880000, 0x0000000100000000)
  eden space 395264K, 99% used [0x00000000e0000000,0x00000000f81bd958,0x00000000f8200000)
  from space 61440K, 26% used [0x00000000fbc00000,0x00000000fcbae7e0,0x00000000ff800000)
  to   space 59392K, 0% used [0x00000000f8200000,0x00000000f8200000,0x00000000fbc00000)
 ParOldGen       total 217088K, used 75936K [0x00000000a0000000, 0x00000000ad400000, 0x00000000e0000000)
  object space 217088K, 34% used [0x00000000a0000000,0x00000000a4a28070,0x00000000ad400000)
 Metaspace       used 91179K, capacity 97486K, committed 97752K, reserved 1134592K
  class space    used 11355K, capacity 12519K, committed 12544K, reserved 1048576K

