# JRE version: OpenJDK Runtime Environment (8.0_152-b02) (build 1.8.0_152-release-1024-b02)
# Java VM: OpenJDK 64-Bit Server VM (25.152-b02 mixed mode windows-amd64 compressed oops)
Heap:
 PSYoungGen      total 414208K, used 1558K [0x00000000e0000000, 0x00000000fd580000, 0x0000000100000000)
  eden space 359936K, 0% used [0x00000000e0000000,0x00000000e0000000,0x00000000f5f80000)
  from space 54272K, 2% used [0x00000000fa080000,0x00000000fa205ba0,0x00000000fd580000)
  to   space 60416K, 0% used [0x00000000f5f80000,0x00000000f5f80000,0x00000000f9a80000)
 ParOldGen       total 171008K, used 146615K [0x00000000a0000000, 0x00000000aa700000, 0x00000000e0000000)
  object space 171008K, 85% used [0x00000000a0000000,0x00000000a8f2df38,0x00000000aa700000)
 Metaspace       used 83459K, capacity 87204K, committed 87256K, reserved 1124352K
  class space    used 10646K, capacity 11450K, committed 11480K, reserved 1048576K
GC Heap History (10 events):
Event: 5995.294 GC heap after
Heap after GC invocations=21 (full 3):
 PSYoungGen      total 269824K, used 45117K [0x00000000e0000000, 0x00000000f6c80000, 0x0000000100000000)
  eden space 207872K, 0% used [0x00000000e0000000,0x00000000e0000000,0x00000000ecb00000)
  from space 61952K, 72% used [0x00000000f0c00000,0x00000000f380f460,0x00000000f4880000)
  to   space 66560K, 0% used [0x00000000ecb00000,0x00000000ecb00000,0x00000000f0c00000)
 ParOldGen       total 171008K, used 107131K [0x00000000a0000000, 0x00000000aa700000, 0x00000000e0000000)
  object space 171008K, 62% used [0x00000000a0000000,0x00000000a689efd0,0x00000000aa700000)
 Metaspace       used 81925K, capacity 85386K, committed 85592K, reserved 1124352K
  class space    used 10500K, capacity 11287K, committed 11352K, reserved 1048576K
}
Event: 5995.321 GC heap before
{Heap before GC invocations=22 (full 3):
 PSYoungGen      total 269824K, used 252589K [0x00000000e0000000, 0x00000000f6c80000, 0x0000000100000000)
  eden space 207872K, 99% used [0x00000000e0000000,0x00000000eca9c308,0x00000000ecb00000)
  from space 61952K, 72% used [0x00000000f0c00000,0x00000000f380f460,0x00000000f4880000)
  to   space 66560K, 0% used [0x00000000ecb00000,0x00000000ecb00000,0x00000000f0c00000)
 ParOldGen       total 171008K, used 107131K [0x00000000a0000000, 0x00000000aa700000, 0x00000000e0000000)
  object space 171008K, 62% used [0x00000000a0000000,0x00000000a689efd0,0x00000000aa700000)
 Metaspace       used 81931K, capacity 85386K, committed 85592K, reserved 1124352K
  class space    used 10500K, capacity 11287K, committed 11352K, reserved 1048576K
Event: 5995.375 GC heap after
Heap after GC invocations=22 (full 3):
 PSYoungGen      total 274432K, used 17898K [0x00000000e0000000, 0x00000000f8e00000, 0x0000000100000000)
  eden space 207872K, 0% used [0x00000000e0000000,0x00000000e0000000,0x00000000ecb00000)
  from space 66560K, 26% used [0x00000000ecb00000,0x00000000edc7a960,0x00000000f0c00000)
  to   space 63488K, 0% used [0x00000000f5000000,0x00000000f5000000,0x00000000f8e00000)
 ParOldGen       total 171008K, used 130502K [0x00000000a0000000, 0x00000000aa700000, 0x00000000e0000000)
  object space 171008K, 76% used [0x00000000a0000000,0x00000000a7f71ac8,0x00000000aa700000)
 Metaspace       used 81931K, capacity 85386K, committed 85592K, reserved 1124352K
  class space    used 10500K, capacity 11287K, committed 11352K, reserved 1048576K
}
Event: 9942.021 GC heap before
{Heap before GC invocations=23 (full 3):
 PSYoungGen      total 274432K, used 225770K [0x00000000e0000000, 0x00000000f8e00000, 0x0000000100000000)
  eden space 207872K, 100% used [0x00000000e0000000,0x00000000ecb00000,0x00000000ecb00000)
  from space 66560K, 26% used [0x00000000ecb00000,0x00000000edc7a960,0x00000000f0c00000)
  to   space 63488K, 0% used [0x00000000f5000000,0x00000000f5000000,0x00000000f8e00000)
 ParOldGen       total 171008K, used 130502K [0x00000000a0000000, 0x00000000aa700000, 0x00000000e0000000)
  object space 171008K, 76% used [0x00000000a0000000,0x00000000a7f71ac8,0x00000000aa700000)
 Metaspace       used 82861K, capacity 86498K, committed 86744K, reserved 1124352K
  class space    used 10629K, capacity 11421K, committed 11480K, reserved 1048576K
Event: 9942.101 GC heap after
Heap after GC invocations=23 (full 3):
 PSYoungGen      total 335872K, used 7445K [0x00000000e0000000, 0x00000000f8900000, 0x0000000100000000)
  eden space 277504K, 0% used [0x00000000e0000000,0x00000000e0000000,0x00000000f0f00000)
  from space 58368K, 12% used [0x00000000f5000000,0x00000000f5745658,0x00000000f8900000)
  to   space 62464K, 0% used [0x00000000f0f00000,0x00000000f0f00000,0x00000000f4c00000)
 ParOldGen       total 171008K, used 139360K [0x00000000a0000000, 0x00000000aa700000, 0x00000000e0000000)
  object space 171008K, 81% used [0x00000000a0000000,0x00000000a8818278,0x00000000aa700000)
 Metaspace       used 82861K, capacity 86498K, committed 86744K, reserved 1124352K
  class space    used 10629K, capacity 11421K, committed 11480K, reserved 1048576K
}
Event: 9948.673 GC heap before
{Heap before GC invocations=24 (full 3):
 PSYoungGen      total 335872K, used 284949K [0x00000000e0000000, 0x00000000f8900000, 0x0000000100000000)
  eden space 277504K, 100% used [0x00000000e0000000,0x00000000f0f00000,0x00000000f0f00000)
  from space 58368K, 12% used [0x00000000f5000000,0x00000000f5745658,0x00000000f8900000)
  to   space 62464K, 0% used [0x00000000f0f00000,0x00000000f0f00000,0x00000000f4c00000)
 ParOldGen       total 171008K, used 139360K [0x00000000a0000000, 0x00000000aa700000, 0x00000000e0000000)
  object space 171008K, 81% used [0x00000000a0000000,0x00000000a8818278,0x00000000aa700000)
 Metaspace       used 83243K, capacity 86948K, committed 87000K, reserved 1124352K
  class space    used 10641K, capacity 11442K, committed 11480K, reserved 1048576K
Event: 9948.692 GC heap after
Heap after GC invocations=24 (full 3):
 PSYoungGen      total 339968K, used 5537K [0x00000000e0000000, 0x00000000fdc00000, 0x0000000100000000)
  eden space 277504K, 0% used [0x00000000e0000000,0x00000000e0000000,0x00000000f0f00000)
  from space 62464K, 8% used [0x00000000f0f00000,0x00000000f1468740,0x00000000f4c00000)
  to   space 60928K, 0% used [0x00000000fa080000,0x00000000fa080000,0x00000000fdc00000)
 ParOldGen       total 171008K, used 143259K [0x00000000a0000000, 0x00000000aa700000, 0x00000000e0000000)
  object space 171008K, 83% used [0x00000000a0000000,0x00000000a8be6f20,0x00000000aa700000)
 Metaspace       used 83243K, capacity 86948K, committed 87000K, reserved 1124352K
  class space    used 10641K, capacity 11442K, committed 11480K, reserved 1048576K
}
Event: 9951.483 GC heap before
{Heap before GC invocations=25 (full 3):
 PSYoungGen      total 339968K, used 283041K [0x00000000e0000000, 0x00000000fdc00000, 0x0000000100000000)
  eden space 277504K, 100% used [0x00000000e0000000,0x00000000f0f00000,0x00000000f0f00000)
  from space 62464K, 8% used [0x00000000f0f00000,0x00000000f1468740,0x00000000f4c00000)
  to   space 60928K, 0% used [0x00000000fa080000,0x00000000fa080000,0x00000000fdc00000)
 ParOldGen       total 171008K, used 143259K [0x00000000a0000000, 0x00000000aa700000, 0x00000000e0000000)
  object space 171008K, 83% used [0x00000000a0000000,0x00000000a8be6f20,0x00000000aa700000)
 Metaspace       used 83459K, capacity 87204K, committed 87256K, reserved 1124352K
  class space    used 10646K, capacity 11450K, committed 11480K, reserved 1048576K
Event: 9951.493 GC heap after
Heap after GC invocations=25 (full 3):
 PSYoungGen      total 414208K, used 1558K [0x00000000e0000000, 0x00000000fd580000, 0x0000000100000000)
  eden space 359936K, 0% used [0x00000000e0000000,0x00000000e0000000,0x00000000f5f80000)
  from space 54272K, 2% used [0x00000000fa080000,0x00000000fa205ba0,0x00000000fd580000)
  to   space 60416K, 0% used [0x00000000f5f80000,0x00000000f5f80000,0x00000000f9a80000)
 ParOldGen       total 171008K, used 146615K [0x00000000a0000000, 0x00000000aa700000, 0x00000000e0000000)
  object space 171008K, 85% used [0x00000000a0000000,0x00000000a8f2df38,0x00000000aa700000)
 Metaspace       used 83459K, capacity 87204K, committed 87256K, reserved 1124352K
  class space    used 10646K, capacity 11450K, committed 11480K, reserved 1048576K
}
Event: 9951.493 GC heap before
{Heap before GC invocations=26 (full 4):
 PSYoungGen      total 414208K, used 1558K [0x00000000e0000000, 0x00000000fd580000, 0x0000000100000000)
  eden space 359936K, 0% used [0x00000000e0000000,0x00000000e0000000,0x00000000f5f80000)
  from space 54272K, 2% used [0x00000000fa080000,0x00000000fa205ba0,0x00000000fd580000)
  to   space 60416K, 0% used [0x00000000f5f80000,0x00000000f5f80000,0x00000000f9a80000)
 ParOldGen       total 171008K, used 146615K [0x00000000a0000000, 0x00000000aa700000, 0x00000000e0000000)
  object space 171008K, 85% used [0x00000000a0000000,0x00000000a8f2df38,0x00000000aa700000)
 Metaspace       used 83459K, capacity 87204K, committed 87256K, reserved 1124352K
  class space    used 10646K, capacity 11450K, committed 11480K, reserved 1048576K

