# JRE version: OpenJDK Runtime Environment (8.0_152-b02) (build 1.8.0_152-release-1024-b02)
# Java VM: OpenJDK 64-Bit Server VM (25.152-b02 mixed mode windows-amd64 compressed oops)
Heap:
 PSYoungGen      total 141312K, used 9727K [0x00000000e0000000, 0x00000000ea800000, 0x0000000100000000)
  eden space 131584K, 0% used [0x00000000e0000000,0x00000000e0000000,0x00000000e8080000)
  from space 9728K, 99% used [0x00000000e8080000,0x00000000e89fff38,0x00000000e8a00000)
  to   space 12800K, 0% used [0x00000000e9b80000,0x00000000e9b80000,0x00000000ea800000)
 ParOldGen       total 61440K, used 11059K [0x00000000a0000000, 0x00000000a3c00000, 0x00000000e0000000)
  object space 61440K, 18% used [0x00000000a0000000,0x00000000a0accf78,0x00000000a3c00000)
 Metaspace       used 34580K, capacity 35261K, committed 35416K, reserved 1079296K
  class space    used 4761K, capacity 4992K, committed 4992K, reserved 1048576K
GC Heap History (10 events):
Event: 2.794 GC heap after
Heap after GC invocations=4 (full 0):
 PSYoungGen      total 71680K, used 5119K [0x00000000e0000000, 0x00000000e4b00000, 0x0000000100000000)
  eden space 66560K, 0% used [0x00000000e0000000,0x00000000e0000000,0x00000000e4100000)
  from space 5120K, 99% used [0x00000000e4600000,0x00000000e4affc30,0x00000000e4b00000)
  to   space 5120K, 0% used [0x00000000e4100000,0x00000000e4100000,0x00000000e4600000)
 ParOldGen       total 87552K, used 5424K [0x00000000a0000000, 0x00000000a5580000, 0x00000000e0000000)
  object space 87552K, 6% used [0x00000000a0000000,0x00000000a054c0e8,0x00000000a5580000)
 Metaspace       used 17646K, capacity 18032K, committed 18048K, reserved 1064960K
  class space    used 2538K, capacity 2686K, committed 2688K, reserved 1048576K
}
Event: 3.210 GC heap before
{Heap before GC invocations=5 (full 0):
 PSYoungGen      total 71680K, used 19349K [0x00000000e0000000, 0x00000000e4b00000, 0x0000000100000000)
  eden space 66560K, 21% used [0x00000000e0000000,0x00000000e0de5870,0x00000000e4100000)
  from space 5120K, 99% used [0x00000000e4600000,0x00000000e4affc30,0x00000000e4b00000)
  to   space 5120K, 0% used [0x00000000e4100000,0x00000000e4100000,0x00000000e4600000)
 ParOldGen       total 87552K, used 5424K [0x00000000a0000000, 0x00000000a5580000, 0x00000000e0000000)
  object space 87552K, 6% used [0x00000000a0000000,0x00000000a054c0e8,0x00000000a5580000)
 Metaspace       used 20825K, capacity 21200K, committed 21248K, reserved 1067008K
  class space    used 2901K, capacity 3038K, committed 3072K, reserved 1048576K
Event: 3.220 GC heap after
Heap after GC invocations=5 (full 0):
 PSYoungGen      total 71680K, used 5108K [0x00000000e0000000, 0x00000000e9600000, 0x0000000100000000)
  eden space 66560K, 0% used [0x00000000e0000000,0x00000000e0000000,0x00000000e4100000)
  from space 5120K, 99% used [0x00000000e4100000,0x00000000e45fd060,0x00000000e4600000)
  to   space 10240K, 0% used [0x00000000e8c00000,0x00000000e8c00000,0x00000000e9600000)
 ParOldGen       total 87552K, used 7886K [0x00000000a0000000, 0x00000000a5580000, 0x00000000e0000000)
  object space 87552K, 9% used [0x00000000a0000000,0x00000000a07b3a38,0x00000000a5580000)
 Metaspace       used 20825K, capacity 21200K, committed 21248K, reserved 1067008K
  class space    used 2901K, capacity 3038K, committed 3072K, reserved 1048576K
}
Event: 3.220 GC heap before
{Heap before GC invocations=6 (full 1):
 PSYoungGen      total 71680K, used 5108K [0x00000000e0000000, 0x00000000e9600000, 0x0000000100000000)
  eden space 66560K, 0% used [0x00000000e0000000,0x00000000e0000000,0x00000000e4100000)
  from space 5120K, 99% used [0x00000000e4100000,0x00000000e45fd060,0x00000000e4600000)
  to   space 10240K, 0% used [0x00000000e8c00000,0x00000000e8c00000,0x00000000e9600000)
 ParOldGen       total 87552K, used 7886K [0x00000000a0000000, 0x00000000a5580000, 0x00000000e0000000)
  object space 87552K, 9% used [0x00000000a0000000,0x00000000a07b3a38,0x00000000a5580000)
 Metaspace       used 20825K, capacity 21200K, committed 21248K, reserved 1067008K
  class space    used 2901K, capacity 3038K, committed 3072K, reserved 1048576K
Event: 3.267 GC heap after
Heap after GC invocations=6 (full 1):
 PSYoungGen      total 71680K, used 0K [0x00000000e0000000, 0x00000000e9600000, 0x0000000100000000)
  eden space 66560K, 0% used [0x00000000e0000000,0x00000000e0000000,0x00000000e4100000)
  from space 5120K, 0% used [0x00000000e4100000,0x00000000e4100000,0x00000000e4600000)
  to   space 10240K, 0% used [0x00000000e8c00000,0x00000000e8c00000,0x00000000e9600000)
 ParOldGen       total 61440K, used 7886K [0x00000000a0000000, 0x00000000a3c00000, 0x00000000e0000000)
  object space 61440K, 12% used [0x00000000a0000000,0x00000000a07b3bd0,0x00000000a3c00000)
 Metaspace       used 20825K, capacity 21200K, committed 21248K, reserved 1067008K
  class space    used 2901K, capacity 3038K, committed 3072K, reserved 1048576K
}
Event: 4.544 GC heap before
{Heap before GC invocations=7 (full 1):
 PSYoungGen      total 71680K, used 66560K [0x00000000e0000000, 0x00000000e9600000, 0x0000000100000000)
  eden space 66560K, 100% used [0x00000000e0000000,0x00000000e4100000,0x00000000e4100000)
  from space 5120K, 0% used [0x00000000e4100000,0x00000000e4100000,0x00000000e4600000)
  to   space 10240K, 0% used [0x00000000e8c00000,0x00000000e8c00000,0x00000000e9600000)
 ParOldGen       total 61440K, used 7886K [0x00000000a0000000, 0x00000000a3c00000, 0x00000000e0000000)
  object space 61440K, 12% used [0x00000000a0000000,0x00000000a07b3bd0,0x00000000a3c00000)
 Metaspace       used 26568K, capacity 27056K, committed 27136K, reserved 1073152K
  class space    used 3657K, capacity 3829K, committed 3840K, reserved 1048576K
Event: 4.555 GC heap after
Heap after GC invocations=7 (full 1):
 PSYoungGen      total 107520K, used 7284K [0x00000000e0000000, 0x00000000e9380000, 0x0000000100000000)
  eden space 99840K, 0% used [0x00000000e0000000,0x00000000e0000000,0x00000000e6180000)
  from space 7680K, 94% used [0x00000000e8c00000,0x00000000e931d388,0x00000000e9380000)
  to   space 9728K, 0% used [0x00000000e8080000,0x00000000e8080000,0x00000000e8a00000)
 ParOldGen       total 61440K, used 7886K [0x00000000a0000000, 0x00000000a3c00000, 0x00000000e0000000)
  object space 61440K, 12% used [0x00000000a0000000,0x00000000a07b3bd0,0x00000000a3c00000)
 Metaspace       used 26568K, capacity 27056K, committed 27136K, reserved 1073152K
  class space    used 3657K, capacity 3829K, committed 3840K, reserved 1048576K
}
Event: 6.502 GC heap before
{Heap before GC invocations=8 (full 1):
 PSYoungGen      total 107520K, used 99944K [0x00000000e0000000, 0x00000000e9380000, 0x0000000100000000)
  eden space 99840K, 92% used [0x00000000e0000000,0x00000000e5a7cdb8,0x00000000e6180000)
  from space 7680K, 94% used [0x00000000e8c00000,0x00000000e931d388,0x00000000e9380000)
  to   space 9728K, 0% used [0x00000000e8080000,0x00000000e8080000,0x00000000e8a00000)
 ParOldGen       total 61440K, used 7886K [0x00000000a0000000, 0x00000000a3c00000, 0x00000000e0000000)
  object space 61440K, 12% used [0x00000000a0000000,0x00000000a07b3bd0,0x00000000a3c00000)
 Metaspace       used 34580K, capacity 35261K, committed 35416K, reserved 1079296K
  class space    used 4761K, capacity 4992K, committed 4992K, reserved 1048576K
Event: 6.517 GC heap after
Heap after GC invocations=8 (full 1):
 PSYoungGen      total 141312K, used 9727K [0x00000000e0000000, 0x00000000ea800000, 0x0000000100000000)
  eden space 131584K, 0% used [0x00000000e0000000,0x00000000e0000000,0x00000000e8080000)
  from space 9728K, 99% used [0x00000000e8080000,0x00000000e89fff38,0x00000000e8a00000)
  to   space 12800K, 0% used [0x00000000e9b80000,0x00000000e9b80000,0x00000000ea800000)
 ParOldGen       total 61440K, used 11059K [0x00000000a0000000, 0x00000000a3c00000, 0x00000000e0000000)
  object space 61440K, 18% used [0x00000000a0000000,0x00000000a0accf78,0x00000000a3c00000)
 Metaspace       used 34580K, capacity 35261K, committed 35416K, reserved 1079296K
  class space    used 4761K, capacity 4992K, committed 4992K, reserved 1048576K
}
Event: 6.517 GC heap before
{Heap before GC invocations=9 (full 2):
 PSYoungGen      total 141312K, used 9727K [0x00000000e0000000, 0x00000000ea800000, 0x0000000100000000)
  eden space 131584K, 0% used [0x00000000e0000000,0x00000000e0000000,0x00000000e8080000)
  from space 9728K, 99% used [0x00000000e8080000,0x00000000e89fff38,0x00000000e8a00000)
  to   space 12800K, 0% used [0x00000000e9b80000,0x00000000e9b80000,0x00000000ea800000)
 ParOldGen       total 61440K, used 11059K [0x00000000a0000000, 0x00000000a3c00000, 0x00000000e0000000)
  object space 61440K, 18% used [0x00000000a0000000,0x00000000a0accf78,0x00000000a3c00000)
 Metaspace       used 34580K, capacity 35261K, committed 35416K, reserved 1079296K
  class space    used 4761K, capacity 4992K, committed 4992K, reserved 1048576K

