# JRE version: OpenJDK Runtime Environment (8.0_152-b02) (build 1.8.0_152-release-1024-b02)
# Java VM: OpenJDK 64-Bit Server VM (25.152-b02 mixed mode windows-amd64 compressed oops)
Heap:
 PSYoungGen      total 203776K, used 14384K [0x00000000e0000000, 0x00000000f1880000, 0x0000000100000000)
  eden space 177664K, 0% used [0x00000000e0000000,0x00000000e0000000,0x00000000ead80000)
  from space 26112K, 55% used [0x00000000ead80000,0x00000000ebb8c248,0x00000000ec700000)
  to   space 25600K, 0% used [0x00000000eff80000,0x00000000eff80000,0x00000000f1880000)
 ParOldGen       total 99840K, used 47268K [0x00000000a0000000, 0x00000000a6180000, 0x00000000e0000000)
  object space 99840K, 47% used [0x00000000a0000000,0x00000000a2e293e0,0x00000000a6180000)
 Metaspace       used 56932K, capacity 58986K, committed 59028K, reserved 1099776K
  class space    used 7800K, capacity 8366K, committed 8408K, reserved 1048576K
GC Heap History (10 events):
Event: 13.425 GC heap after
Heap after GC invocations=9 (full 2):
 PSYoungGen      total 140800K, used 0K [0x00000000e0000000, 0x00000000ea900000, 0x0000000100000000)
  eden space 131072K, 0% used [0x00000000e0000000,0x00000000e0000000,0x00000000e8000000)
  from space 9728K, 0% used [0x00000000e8000000,0x00000000e8000000,0x00000000e8980000)
  to   space 13312K, 0% used [0x00000000e9c00000,0x00000000e9c00000,0x00000000ea900000)
 ParOldGen       total 99840K, used 20369K [0x00000000a0000000, 0x00000000a6180000, 0x00000000e0000000)
  object space 99840K, 20% used [0x00000000a0000000,0x00000000a13e4798,0x00000000a6180000)
 Metaspace       used 34436K, capacity 35268K, committed 35416K, reserved 1079296K
  class space    used 4813K, capacity 5123K, committed 5208K, reserved 1048576K
}
Event: 16.024 GC heap before
{Heap before GC invocations=10 (full 2):
 PSYoungGen      total 140800K, used 131072K [0x00000000e0000000, 0x00000000ea900000, 0x0000000100000000)
  eden space 131072K, 100% used [0x00000000e0000000,0x00000000e8000000,0x00000000e8000000)
  from space 9728K, 0% used [0x00000000e8000000,0x00000000e8000000,0x00000000e8980000)
  to   space 13312K, 0% used [0x00000000e9c00000,0x00000000e9c00000,0x00000000ea900000)
 ParOldGen       total 99840K, used 20369K [0x00000000a0000000, 0x00000000a6180000, 0x00000000e0000000)
  object space 99840K, 20% used [0x00000000a0000000,0x00000000a13e4798,0x00000000a6180000)
 Metaspace       used 42099K, capacity 43240K, committed 43352K, reserved 1087488K
  class space    used 5767K, capacity 6128K, committed 6232K, reserved 1048576K
Event: 16.055 GC heap after
Heap after GC invocations=10 (full 2):
 PSYoungGen      total 157696K, used 13286K [0x00000000e0000000, 0x00000000eda80000, 0x0000000100000000)
  eden space 144384K, 0% used [0x00000000e0000000,0x00000000e0000000,0x00000000e8d00000)
  from space 13312K, 99% used [0x00000000e9c00000,0x00000000ea8f9bb0,0x00000000ea900000)
  to   space 15360K, 0% used [0x00000000e8d00000,0x00000000e8d00000,0x00000000e9c00000)
 ParOldGen       total 99840K, used 21754K [0x00000000a0000000, 0x00000000a6180000, 0x00000000e0000000)
  object space 99840K, 21% used [0x00000000a0000000,0x00000000a153eb78,0x00000000a6180000)
 Metaspace       used 42099K, capacity 43240K, committed 43352K, reserved 1087488K
  class space    used 5767K, capacity 6128K, committed 6232K, reserved 1048576K
}
Event: 18.553 GC heap before
{Heap before GC invocations=11 (full 2):
 PSYoungGen      total 157696K, used 157670K [0x00000000e0000000, 0x00000000eda80000, 0x0000000100000000)
  eden space 144384K, 100% used [0x00000000e0000000,0x00000000e8d00000,0x00000000e8d00000)
  from space 13312K, 99% used [0x00000000e9c00000,0x00000000ea8f9bb0,0x00000000ea900000)
  to   space 15360K, 0% used [0x00000000e8d00000,0x00000000e8d00000,0x00000000e9c00000)
 ParOldGen       total 99840K, used 21754K [0x00000000a0000000, 0x00000000a6180000, 0x00000000e0000000)
  object space 99840K, 21% used [0x00000000a0000000,0x00000000a153eb78,0x00000000a6180000)
 Metaspace       used 51948K, capacity 53640K, committed 53720K, reserved 1095680K
  class space    used 7095K, capacity 7570K, committed 7640K, reserved 1048576K
Event: 18.576 GC heap after
Heap after GC invocations=11 (full 2):
 PSYoungGen      total 159744K, used 15356K [0x00000000e0000000, 0x00000000eda00000, 0x0000000100000000)
  eden space 144384K, 0% used [0x00000000e0000000,0x00000000e0000000,0x00000000e8d00000)
  from space 15360K, 99% used [0x00000000e8d00000,0x00000000e9bff288,0x00000000e9c00000)
  to   space 19456K, 0% used [0x00000000ec700000,0x00000000ec700000,0x00000000eda00000)
 ParOldGen       total 99840K, used 26936K [0x00000000a0000000, 0x00000000a6180000, 0x00000000e0000000)
  object space 99840K, 26% used [0x00000000a0000000,0x00000000a1a4e0c0,0x00000000a6180000)
 Metaspace       used 51948K, capacity 53640K, committed 53720K, reserved 1095680K
  class space    used 7095K, capacity 7570K, committed 7640K, reserved 1048576K
}
Event: 20.424 GC heap before
{Heap before GC invocations=12 (full 2):
 PSYoungGen      total 159744K, used 159740K [0x00000000e0000000, 0x00000000eda00000, 0x0000000100000000)
  eden space 144384K, 100% used [0x00000000e0000000,0x00000000e8d00000,0x00000000e8d00000)
  from space 15360K, 99% used [0x00000000e8d00000,0x00000000e9bff288,0x00000000e9c00000)
  to   space 19456K, 0% used [0x00000000ec700000,0x00000000ec700000,0x00000000eda00000)
 ParOldGen       total 99840K, used 26936K [0x00000000a0000000, 0x00000000a6180000, 0x00000000e0000000)
  object space 99840K, 26% used [0x00000000a0000000,0x00000000a1a4e0c0,0x00000000a6180000)
 Metaspace       used 55061K, capacity 57000K, committed 57304K, reserved 1097728K
  class space    used 7594K, capacity 8080K, committed 8152K, reserved 1048576K
Event: 20.501 GC heap after
Heap after GC invocations=12 (full 2):
 PSYoungGen      total 197120K, used 19439K [0x00000000e0000000, 0x00000000ef180000, 0x0000000100000000)
  eden space 177664K, 0% used [0x00000000e0000000,0x00000000e0000000,0x00000000ead80000)
  from space 19456K, 99% used [0x00000000ec700000,0x00000000ed9fbc08,0x00000000eda00000)
  to   space 26112K, 0% used [0x00000000ead80000,0x00000000ead80000,0x00000000ec700000)
 ParOldGen       total 99840K, used 36627K [0x00000000a0000000, 0x00000000a6180000, 0x00000000e0000000)
  object space 99840K, 36% used [0x00000000a0000000,0x00000000a23c4e28,0x00000000a6180000)
 Metaspace       used 55061K, capacity 57000K, committed 57304K, reserved 1097728K
  class space    used 7594K, capacity 8080K, committed 8152K, reserved 1048576K
}
Event: 24.427 GC heap before
{Heap before GC invocations=13 (full 2):
 PSYoungGen      total 197120K, used 124549K [0x00000000e0000000, 0x00000000ef180000, 0x0000000100000000)
  eden space 177664K, 59% used [0x00000000e0000000,0x00000000e66a5880,0x00000000ead80000)
  from space 19456K, 99% used [0x00000000ec700000,0x00000000ed9fbc08,0x00000000eda00000)
  to   space 26112K, 0% used [0x00000000ead80000,0x00000000ead80000,0x00000000ec700000)
 ParOldGen       total 99840K, used 36627K [0x00000000a0000000, 0x00000000a6180000, 0x00000000e0000000)
  object space 99840K, 36% used [0x00000000a0000000,0x00000000a23c4e28,0x00000000a6180000)
 Metaspace       used 56932K, capacity 58986K, committed 59028K, reserved 1099776K
  class space    used 7800K, capacity 8366K, committed 8408K, reserved 1048576K
Event: 24.463 GC heap after
Heap after GC invocations=13 (full 2):
 PSYoungGen      total 203776K, used 14384K [0x00000000e0000000, 0x00000000f1880000, 0x0000000100000000)
  eden space 177664K, 0% used [0x00000000e0000000,0x00000000e0000000,0x00000000ead80000)
  from space 26112K, 55% used [0x00000000ead80000,0x00000000ebb8c248,0x00000000ec700000)
  to   space 25600K, 0% used [0x00000000eff80000,0x00000000eff80000,0x00000000f1880000)
 ParOldGen       total 99840K, used 47268K [0x00000000a0000000, 0x00000000a6180000, 0x00000000e0000000)
  object space 99840K, 47% used [0x00000000a0000000,0x00000000a2e293e0,0x00000000a6180000)
 Metaspace       used 56932K, capacity 58986K, committed 59028K, reserved 1099776K
  class space    used 7800K, capacity 8366K, committed 8408K, reserved 1048576K
}
Event: 24.463 GC heap before
{Heap before GC invocations=14 (full 3):
 PSYoungGen      total 203776K, used 14384K [0x00000000e0000000, 0x00000000f1880000, 0x0000000100000000)
  eden space 177664K, 0% used [0x00000000e0000000,0x00000000e0000000,0x00000000ead80000)
  from space 26112K, 55% used [0x00000000ead80000,0x00000000ebb8c248,0x00000000ec700000)
  to   space 25600K, 0% used [0x00000000eff80000,0x00000000eff80000,0x00000000f1880000)
 ParOldGen       total 99840K, used 47268K [0x00000000a0000000, 0x00000000a6180000, 0x00000000e0000000)
  object space 99840K, 47% used [0x00000000a0000000,0x00000000a2e293e0,0x00000000a6180000)
 Metaspace       used 56932K, capacity 58986K, committed 59028K, reserved 1099776K
  class space    used 7800K, capacity 8366K, committed 8408K, reserved 1048576K

