# JRE version: OpenJDK Runtime Environment (8.0_152-b02) (build 1.8.0_152-release-1024-b02)
# Java VM: OpenJDK 64-Bit Server VM (25.152-b02 mixed mode windows-amd64 compressed oops)
Heap:
 PSYoungGen      total 203776K, used 20334K [0x00000000e0000000, 0x00000000f1280000, 0x0000000100000000)
  eden space 182272K, 0% used [0x00000000e0000000,0x00000000e0000000,0x00000000eb200000)
  from space 21504K, 94% used [0x00000000eb200000,0x00000000ec5dbbf8,0x00000000ec700000)
  to   space 24064K, 0% used [0x00000000efb00000,0x00000000efb00000,0x00000000f1280000)
 ParOldGen       total 101888K, used 36075K [0x00000000a0000000, 0x00000000a6380000, 0x00000000e0000000)
  object space 101888K, 35% used [0x00000000a0000000,0x00000000a233af88,0x00000000a6380000)
 Metaspace       used 57124K, capacity 59009K, committed 59028K, reserved 1099776K
  class space    used 7729K, capacity 8186K, committed 8192K, reserved 1048576K
GC Heap History (10 events):
Event: 5.841 GC heap after
Heap after GC invocations=9 (full 2):
 PSYoungGen      total 140800K, used 0K [0x00000000e0000000, 0x00000000ead00000, 0x0000000100000000)
  eden space 131072K, 0% used [0x00000000e0000000,0x00000000e0000000,0x00000000e8000000)
  from space 9728K, 0% used [0x00000000e8000000,0x00000000e8000000,0x00000000e8980000)
  to   space 12800K, 0% used [0x00000000ea080000,0x00000000ea080000,0x00000000ead00000)
 ParOldGen       total 101888K, used 19199K [0x00000000a0000000, 0x00000000a6380000, 0x00000000e0000000)
  object space 101888K, 18% used [0x00000000a0000000,0x00000000a12bfc98,0x00000000a6380000)
 Metaspace       used 34573K, capacity 35261K, committed 35416K, reserved 1079296K
  class space    used 4759K, capacity 4992K, committed 4992K, reserved 1048576K
}
Event: 7.289 GC heap before
{Heap before GC invocations=10 (full 2):
 PSYoungGen      total 140800K, used 131072K [0x00000000e0000000, 0x00000000ead00000, 0x0000000100000000)
  eden space 131072K, 100% used [0x00000000e0000000,0x00000000e8000000,0x00000000e8000000)
  from space 9728K, 0% used [0x00000000e8000000,0x00000000e8000000,0x00000000e8980000)
  to   space 12800K, 0% used [0x00000000ea080000,0x00000000ea080000,0x00000000ead00000)
 ParOldGen       total 101888K, used 19199K [0x00000000a0000000, 0x00000000a6380000, 0x00000000e0000000)
  object space 101888K, 18% used [0x00000000a0000000,0x00000000a12bfc98,0x00000000a6380000)
 Metaspace       used 41618K, capacity 42573K, committed 42840K, reserved 1085440K
  class space    used 5683K, capacity 5990K, committed 6016K, reserved 1048576K
Event: 7.321 GC heap after
Heap after GC invocations=10 (full 2):
 PSYoungGen      total 162304K, used 12785K [0x00000000e0000000, 0x00000000ed200000, 0x0000000100000000)
  eden space 149504K, 0% used [0x00000000e0000000,0x00000000e0000000,0x00000000e9200000)
  from space 12800K, 99% used [0x00000000ea080000,0x00000000eacfc7c8,0x00000000ead00000)
  to   space 14848K, 0% used [0x00000000e9200000,0x00000000e9200000,0x00000000ea080000)
 ParOldGen       total 101888K, used 20629K [0x00000000a0000000, 0x00000000a6380000, 0x00000000e0000000)
  object space 101888K, 20% used [0x00000000a0000000,0x00000000a1425410,0x00000000a6380000)
 Metaspace       used 41618K, capacity 42573K, committed 42840K, reserved 1085440K
  class space    used 5683K, capacity 5990K, committed 6016K, reserved 1048576K
}
Event: 9.724 GC heap before
{Heap before GC invocations=11 (full 2):
 PSYoungGen      total 162304K, used 162289K [0x00000000e0000000, 0x00000000ed200000, 0x0000000100000000)
  eden space 149504K, 100% used [0x00000000e0000000,0x00000000e9200000,0x00000000e9200000)
  from space 12800K, 99% used [0x00000000ea080000,0x00000000eacfc7c8,0x00000000ead00000)
  to   space 14848K, 0% used [0x00000000e9200000,0x00000000e9200000,0x00000000ea080000)
 ParOldGen       total 101888K, used 20629K [0x00000000a0000000, 0x00000000a6380000, 0x00000000e0000000)
  object space 101888K, 20% used [0x00000000a0000000,0x00000000a1425410,0x00000000a6380000)
 Metaspace       used 51488K, capacity 53073K, committed 53336K, reserved 1095680K
  class space    used 7012K, capacity 7438K, committed 7552K, reserved 1048576K
Event: 9.754 GC heap after
Heap after GC invocations=11 (full 2):
 PSYoungGen      total 164352K, used 14830K [0x00000000e0000000, 0x00000000edb00000, 0x0000000100000000)
  eden space 149504K, 0% used [0x00000000e0000000,0x00000000e0000000,0x00000000e9200000)
  from space 14848K, 99% used [0x00000000e9200000,0x00000000ea07bbf8,0x00000000ea080000)
  to   space 19456K, 0% used [0x00000000ec800000,0x00000000ec800000,0x00000000edb00000)
 ParOldGen       total 101888K, used 26635K [0x00000000a0000000, 0x00000000a6380000, 0x00000000e0000000)
  object space 101888K, 26% used [0x00000000a0000000,0x00000000a1a02dd0,0x00000000a6380000)
 Metaspace       used 51488K, capacity 53073K, committed 53336K, reserved 1095680K
  class space    used 7012K, capacity 7438K, committed 7552K, reserved 1048576K
}
Event: 14.046 GC heap before
{Heap before GC invocations=12 (full 2):
 PSYoungGen      total 164352K, used 164334K [0x00000000e0000000, 0x00000000edb00000, 0x0000000100000000)
  eden space 149504K, 100% used [0x00000000e0000000,0x00000000e9200000,0x00000000e9200000)
  from space 14848K, 99% used [0x00000000e9200000,0x00000000ea07bbf8,0x00000000ea080000)
  to   space 19456K, 0% used [0x00000000ec800000,0x00000000ec800000,0x00000000edb00000)
 ParOldGen       total 101888K, used 26635K [0x00000000a0000000, 0x00000000a6380000, 0x00000000e0000000)
  object space 101888K, 26% used [0x00000000a0000000,0x00000000a1a02dd0,0x00000000a6380000)
 Metaspace       used 56052K, capacity 57853K, committed 57944K, reserved 1099776K
  class space    used 7560K, capacity 8006K, committed 8064K, reserved 1048576K
Event: 14.083 GC heap after
Heap after GC invocations=12 (full 2):
 PSYoungGen      total 201728K, used 17921K [0x00000000e0000000, 0x00000000edc00000, 0x0000000100000000)
  eden space 182272K, 0% used [0x00000000e0000000,0x00000000e0000000,0x00000000eb200000)
  from space 19456K, 92% used [0x00000000ec800000,0x00000000ed9804a0,0x00000000edb00000)
  to   space 21504K, 0% used [0x00000000eb200000,0x00000000eb200000,0x00000000ec700000)
 ParOldGen       total 101888K, used 36003K [0x00000000a0000000, 0x00000000a6380000, 0x00000000e0000000)
  object space 101888K, 35% used [0x00000000a0000000,0x00000000a2328f78,0x00000000a6380000)
 Metaspace       used 56052K, capacity 57853K, committed 57944K, reserved 1099776K
  class space    used 7560K, capacity 8006K, committed 8064K, reserved 1048576K
}
Event: 14.768 GC heap before
{Heap before GC invocations=13 (full 2):
 PSYoungGen      total 201728K, used 112364K [0x00000000e0000000, 0x00000000edc00000, 0x0000000100000000)
  eden space 182272K, 51% used [0x00000000e0000000,0x00000000e5c3aed8,0x00000000eb200000)
  from space 19456K, 92% used [0x00000000ec800000,0x00000000ed9804a0,0x00000000edb00000)
  to   space 21504K, 0% used [0x00000000eb200000,0x00000000eb200000,0x00000000ec700000)
 ParOldGen       total 101888K, used 36003K [0x00000000a0000000, 0x00000000a6380000, 0x00000000e0000000)
  object space 101888K, 35% used [0x00000000a0000000,0x00000000a2328f78,0x00000000a6380000)
 Metaspace       used 57124K, capacity 59009K, committed 59028K, reserved 1099776K
  class space    used 7729K, capacity 8186K, committed 8192K, reserved 1048576K
Event: 14.798 GC heap after
Heap after GC invocations=13 (full 2):
 PSYoungGen      total 203776K, used 20334K [0x00000000e0000000, 0x00000000f1280000, 0x0000000100000000)
  eden space 182272K, 0% used [0x00000000e0000000,0x00000000e0000000,0x00000000eb200000)
  from space 21504K, 94% used [0x00000000eb200000,0x00000000ec5dbbf8,0x00000000ec700000)
  to   space 24064K, 0% used [0x00000000efb00000,0x00000000efb00000,0x00000000f1280000)
 ParOldGen       total 101888K, used 36075K [0x00000000a0000000, 0x00000000a6380000, 0x00000000e0000000)
  object space 101888K, 35% used [0x00000000a0000000,0x00000000a233af88,0x00000000a6380000)
 Metaspace       used 57124K, capacity 59009K, committed 59028K, reserved 1099776K
  class space    used 7729K, capacity 8186K, committed 8192K, reserved 1048576K
}
Event: 14.798 GC heap before
{Heap before GC invocations=14 (full 3):
 PSYoungGen      total 203776K, used 20334K [0x00000000e0000000, 0x00000000f1280000, 0x0000000100000000)
  eden space 182272K, 0% used [0x00000000e0000000,0x00000000e0000000,0x00000000eb200000)
  from space 21504K, 94% used [0x00000000eb200000,0x00000000ec5dbbf8,0x00000000ec700000)
  to   space 24064K, 0% used [0x00000000efb00000,0x00000000efb00000,0x00000000f1280000)
 ParOldGen       total 101888K, used 36075K [0x00000000a0000000, 0x00000000a6380000, 0x00000000e0000000)
  object space 101888K, 35% used [0x00000000a0000000,0x00000000a233af88,0x00000000a6380000)
 Metaspace       used 57124K, capacity 59009K, committed 59028K, reserved 1099776K
  class space    used 7729K, capacity 8186K, committed 8192K, reserved 1048576K

