# JRE version: OpenJDK Runtime Environment (8.0_152-b02) (build 1.8.0_152-release-1024-b02)
# Java VM: OpenJDK 64-Bit Server VM (25.152-b02 mixed mode windows-amd64 compressed oops)
Heap:
 PSYoungGen      total 251392K, used 93592K [0x00000000e0000000, 0x00000000f3200000, 0x0000000100000000)
  eden space 216064K, 27% used [0x00000000e0000000,0x00000000e395f688,0x00000000ed300000)
  from space 35328K, 98% used [0x00000000ed980000,0x00000000efb86c88,0x00000000efc00000)
  to   space 48640K, 0% used [0x00000000f0280000,0x00000000f0280000,0x00000000f3200000)
 ParOldGen       total 263168K, used 106004K [0x00000000a0000000, 0x00000000b0100000, 0x00000000e0000000)
  object space 263168K, 40% used [0x00000000a0000000,0x00000000a6785120,0x00000000b0100000)
 Metaspace       used 86273K, capacity 90209K, committed 90456K, reserved 1128448K
  class space    used 11159K, capacity 12037K, committed 12160K, reserved 1048576K
GC Heap History (10 events):
Event: 33.962 GC heap before
{Heap before GC invocations=21 (full 4):
 PSYoungGen      total 199168K, used 174935K [0x00000000e0000000, 0x00000000f2d80000, 0x0000000100000000)
  eden space 175104K, 99% used [0x00000000e0000000,0x00000000eaad5c10,0x00000000eab00000)
  from space 24064K, 0% used [0x00000000eda00000,0x00000000eda00000,0x00000000ef180000)
  to   space 48128K, 0% used [0x00000000eab00000,0x00000000eab00000,0x00000000eda00000)
 ParOldGen       total 263168K, used 105972K [0x00000000a0000000, 0x00000000b0100000, 0x00000000e0000000)
  object space 263168K, 40% used [0x00000000a0000000,0x00000000a677d120,0x00000000b0100000)
 Metaspace       used 70248K, capacity 72717K, committed 72920K, reserved 1112064K
  class space    used 9306K, capacity 9908K, committed 9984K, reserved 1048576K
Event: 33.986 GC heap after
Heap after GC invocations=21 (full 4):
 PSYoungGen      total 223232K, used 27389K [0x00000000e0000000, 0x00000000f2900000, 0x0000000100000000)
  eden space 175104K, 0% used [0x00000000e0000000,0x00000000e0000000,0x00000000eab00000)
  from space 48128K, 56% used [0x00000000eab00000,0x00000000ec5bf5f0,0x00000000eda00000)
  to   space 48640K, 0% used [0x00000000ef980000,0x00000000ef980000,0x00000000f2900000)
 ParOldGen       total 263168K, used 105980K [0x00000000a0000000, 0x00000000b0100000, 0x00000000e0000000)
  object space 263168K, 40% used [0x00000000a0000000,0x00000000a677f120,0x00000000b0100000)
 Metaspace       used 70248K, capacity 72717K, committed 72920K, reserved 1112064K
  class space    used 9306K, capacity 9908K, committed 9984K, reserved 1048576K
}
Event: 494.759 GC heap before
{Heap before GC invocations=22 (full 4):
 PSYoungGen      total 223232K, used 202493K [0x00000000e0000000, 0x00000000f2900000, 0x0000000100000000)
  eden space 175104K, 100% used [0x00000000e0000000,0x00000000eab00000,0x00000000eab00000)
  from space 48128K, 56% used [0x00000000eab00000,0x00000000ec5bf5f0,0x00000000eda00000)
  to   space 48640K, 0% used [0x00000000ef980000,0x00000000ef980000,0x00000000f2900000)
 ParOldGen       total 263168K, used 105980K [0x00000000a0000000, 0x00000000b0100000, 0x00000000e0000000)
  object space 263168K, 40% used [0x00000000a0000000,0x00000000a677f120,0x00000000b0100000)
 Metaspace       used 74357K, capacity 77075K, committed 77400K, reserved 1116160K
  class space    used 9687K, capacity 10293K, committed 10368K, reserved 1048576K
Event: 494.790 GC heap after
Heap after GC invocations=22 (full 4):
 PSYoungGen      total 244224K, used 25445K [0x00000000e0000000, 0x00000000f2300000, 0x0000000100000000)
  eden space 201728K, 0% used [0x00000000e0000000,0x00000000e0000000,0x00000000ec500000)
  from space 42496K, 59% used [0x00000000ef980000,0x00000000f1259658,0x00000000f2300000)
  to   space 48128K, 0% used [0x00000000ec500000,0x00000000ec500000,0x00000000ef400000)
 ParOldGen       total 263168K, used 105988K [0x00000000a0000000, 0x00000000b0100000, 0x00000000e0000000)
  object space 263168K, 40% used [0x00000000a0000000,0x00000000a6781120,0x00000000b0100000)
 Metaspace       used 74357K, capacity 77075K, committed 77400K, reserved 1116160K
  class space    used 9687K, capacity 10293K, committed 10368K, reserved 1048576K
}
Event: 513.688 GC heap before
{Heap before GC invocations=23 (full 4):
 PSYoungGen      total 244224K, used 227173K [0x00000000e0000000, 0x00000000f2300000, 0x0000000100000000)
  eden space 201728K, 100% used [0x00000000e0000000,0x00000000ec500000,0x00000000ec500000)
  from space 42496K, 59% used [0x00000000ef980000,0x00000000f1259658,0x00000000f2300000)
  to   space 48128K, 0% used [0x00000000ec500000,0x00000000ec500000,0x00000000ef400000)
 ParOldGen       total 263168K, used 105988K [0x00000000a0000000, 0x00000000b0100000, 0x00000000e0000000)
  object space 263168K, 40% used [0x00000000a0000000,0x00000000a6781120,0x00000000b0100000)
 Metaspace       used 76194K, capacity 79049K, committed 79320K, reserved 1118208K
  class space    used 9875K, capacity 10478K, committed 10496K, reserved 1048576K
Event: 513.712 GC heap after
Heap after GC invocations=23 (full 4):
 PSYoungGen      total 249856K, used 20635K [0x00000000e0000000, 0x00000000f3880000, 0x0000000100000000)
  eden space 201728K, 0% used [0x00000000e0000000,0x00000000e0000000,0x00000000ec500000)
  from space 48128K, 42% used [0x00000000ec500000,0x00000000ed926ff8,0x00000000ef400000)
  to   space 46080K, 0% used [0x00000000f0b80000,0x00000000f0b80000,0x00000000f3880000)
 ParOldGen       total 263168K, used 105996K [0x00000000a0000000, 0x00000000b0100000, 0x00000000e0000000)
  object space 263168K, 40% used [0x00000000a0000000,0x00000000a6783120,0x00000000b0100000)
 Metaspace       used 76194K, capacity 79049K, committed 79320K, reserved 1118208K
  class space    used 9875K, capacity 10478K, committed 10496K, reserved 1048576K
}
Event: 3805.210 GC heap before
{Heap before GC invocations=24 (full 4):
 PSYoungGen      total 249856K, used 222363K [0x00000000e0000000, 0x00000000f3880000, 0x0000000100000000)
  eden space 201728K, 100% used [0x00000000e0000000,0x00000000ec500000,0x00000000ec500000)
  from space 48128K, 42% used [0x00000000ec500000,0x00000000ed926ff8,0x00000000ef400000)
  to   space 46080K, 0% used [0x00000000f0b80000,0x00000000f0b80000,0x00000000f3880000)
 ParOldGen       total 263168K, used 105996K [0x00000000a0000000, 0x00000000b0100000, 0x00000000e0000000)
  object space 263168K, 40% used [0x00000000a0000000,0x00000000a6783120,0x00000000b0100000)
 Metaspace       used 81541K, capacity 84815K, committed 85080K, reserved 1122304K
  class space    used 10549K, capacity 11273K, committed 11392K, reserved 1048576K
Event: 3805.238 GC heap after
Heap after GC invocations=24 (full 4):
 PSYoungGen      total 262656K, used 26030K [0x00000000e0000000, 0x00000000f3280000, 0x0000000100000000)
  eden space 222720K, 0% used [0x00000000e0000000,0x00000000e0000000,0x00000000ed980000)
  from space 39936K, 65% used [0x00000000f0b80000,0x00000000f24ebb28,0x00000000f3280000)
  to   space 45568K, 0% used [0x00000000ed980000,0x00000000ed980000,0x00000000f0600000)
 ParOldGen       total 263168K, used 106004K [0x00000000a0000000, 0x00000000b0100000, 0x00000000e0000000)
  object space 263168K, 40% used [0x00000000a0000000,0x00000000a6785120,0x00000000b0100000)
 Metaspace       used 81541K, capacity 84815K, committed 85080K, reserved 1122304K
  class space    used 10549K, capacity 11273K, committed 11392K, reserved 1048576K
}
Event: 3876.596 GC heap before
{Heap before GC invocations=25 (full 4):
 PSYoungGen      total 262656K, used 248750K [0x00000000e0000000, 0x00000000f3280000, 0x0000000100000000)
  eden space 222720K, 100% used [0x00000000e0000000,0x00000000ed980000,0x00000000ed980000)
  from space 39936K, 65% used [0x00000000f0b80000,0x00000000f24ebb28,0x00000000f3280000)
  to   space 45568K, 0% used [0x00000000ed980000,0x00000000ed980000,0x00000000f0600000)
 ParOldGen       total 263168K, used 106004K [0x00000000a0000000, 0x00000000b0100000, 0x00000000e0000000)
  object space 263168K, 40% used [0x00000000a0000000,0x00000000a6785120,0x00000000b0100000)
 Metaspace       used 86148K, capacity 89935K, committed 90072K, reserved 1128448K
  class space    used 11153K, capacity 12026K, committed 12032K, reserved 1048576K
Event: 3876.634 GC heap after
Heap after GC invocations=25 (full 4):
 PSYoungGen      total 251392K, used 34843K [0x00000000e0000000, 0x00000000f3200000, 0x0000000100000000)
  eden space 216064K, 0% used [0x00000000e0000000,0x00000000e0000000,0x00000000ed300000)
  from space 35328K, 98% used [0x00000000ed980000,0x00000000efb86c88,0x00000000efc00000)
  to   space 48640K, 0% used [0x00000000f0280000,0x00000000f0280000,0x00000000f3200000)
 ParOldGen       total 263168K, used 106004K [0x00000000a0000000, 0x00000000b0100000, 0x00000000e0000000)
  object space 263168K, 40% used [0x00000000a0000000,0x00000000a6785120,0x00000000b0100000)
 Metaspace       used 86148K, capacity 89935K, committed 90072K, reserved 1128448K
  class space    used 11153K, capacity 12026K, committed 12032K, reserved 1048576K
}

