# JRE version: OpenJDK Runtime Environment (8.0_152-b02) (build 1.8.0_152-release-1024-b02)
# Java VM: OpenJDK 64-Bit Server VM (25.152-b02 mixed mode windows-amd64 compressed oops)
Heap:
 PSYoungGen      total 353280K, used 101266K [0x00000000e0000000, 0x0000000100000000, 0x0000000100000000)
  eden space 310272K, 18% used [0x00000000e0000000,0x00000000e38e4f38,0x00000000f2f00000)
  from space 43008K, 99% used [0x00000000f2f00000,0x00000000f58ffc60,0x00000000f5900000)
  to   space 57344K, 0% used [0x00000000fc800000,0x00000000fc800000,0x0000000100000000)
 ParOldGen       total 183296K, used 76620K [0x00000000a0000000, 0x00000000ab300000, 0x00000000e0000000)
  object space 183296K, 41% used [0x00000000a0000000,0x00000000a4ad3160,0x00000000ab300000)
 Metaspace       used 73247K, capacity 76019K, committed 76248K, reserved 1116160K
  class space    used 9630K, capacity 10229K, committed 10240K, reserved 1048576K
GC Heap History (10 events):
Event: 30.618 GC heap before
{Heap before GC invocations=13 (full 3):
 PSYoungGen      total 271360K, used 19946K [0x00000000e0000000, 0x00000000f2200000, 0x0000000100000000)
  eden space 249856K, 0% used [0x00000000e0000000,0x00000000e0000000,0x00000000ef400000)
  from space 21504K, 92% used [0x00000000f0d00000,0x00000000f207a8d8,0x00000000f2200000)
  to   space 23552K, 0% used [0x00000000ef400000,0x00000000ef400000,0x00000000f0b00000)
 ParOldGen       total 80896K, used 38198K [0x00000000a0000000, 0x00000000a4f00000, 0x00000000e0000000)
  object space 80896K, 47% used [0x00000000a0000000,0x00000000a254d940,0x00000000a4f00000)
 Metaspace       used 57132K, capacity 58885K, committed 58968K, reserved 1099776K
  class space    used 7797K, capacity 8240K, committed 8320K, reserved 1048576K
Event: 30.912 GC heap after
Heap after GC invocations=13 (full 3):
 PSYoungGen      total 271360K, used 0K [0x00000000e0000000, 0x00000000f2200000, 0x0000000100000000)
  eden space 249856K, 0% used [0x00000000e0000000,0x00000000e0000000,0x00000000ef400000)
  from space 21504K, 0% used [0x00000000f0d00000,0x00000000f0d00000,0x00000000f2200000)
  to   space 23552K, 0% used [0x00000000ef400000,0x00000000ef400000,0x00000000f0b00000)
 ParOldGen       total 125952K, used 42331K [0x00000000a0000000, 0x00000000a7b00000, 0x00000000e0000000)
  object space 125952K, 33% used [0x00000000a0000000,0x00000000a2956ec8,0x00000000a7b00000)
 Metaspace       used 57132K, capacity 58885K, committed 58968K, reserved 1099776K
  class space    used 7797K, capacity 8240K, committed 8320K, reserved 1048576K
}
Event: 42.743 GC heap before
{Heap before GC invocations=14 (full 3):
 PSYoungGen      total 271360K, used 249856K [0x00000000e0000000, 0x00000000f2200000, 0x0000000100000000)
  eden space 249856K, 100% used [0x00000000e0000000,0x00000000ef400000,0x00000000ef400000)
  from space 21504K, 0% used [0x00000000f0d00000,0x00000000f0d00000,0x00000000f2200000)
  to   space 23552K, 0% used [0x00000000ef400000,0x00000000ef400000,0x00000000f0b00000)
 ParOldGen       total 125952K, used 42331K [0x00000000a0000000, 0x00000000a7b00000, 0x00000000e0000000)
  object space 125952K, 33% used [0x00000000a0000000,0x00000000a2956ec8,0x00000000a7b00000)
 Metaspace       used 66873K, capacity 69153K, committed 69208K, reserved 1110016K
  class space    used 9027K, capacity 9578K, committed 9600K, reserved 1048576K
Event: 42.846 GC heap after
Heap after GC invocations=14 (full 3):
 PSYoungGen      total 273408K, used 23536K [0x00000000e0000000, 0x00000000f8e80000, 0x0000000100000000)
  eden space 249856K, 0% used [0x00000000e0000000,0x00000000e0000000,0x00000000ef400000)
  from space 23552K, 99% used [0x00000000ef400000,0x00000000f0afc068,0x00000000f0b00000)
  to   space 44032K, 0% used [0x00000000f6380000,0x00000000f6380000,0x00000000f8e80000)
 ParOldGen       total 125952K, used 88223K [0x00000000a0000000, 0x00000000a7b00000, 0x00000000e0000000)
  object space 125952K, 70% used [0x00000000a0000000,0x00000000a5627c18,0x00000000a7b00000)
 Metaspace       used 66873K, capacity 69153K, committed 69208K, reserved 1110016K
  class space    used 9027K, capacity 9578K, committed 9600K, reserved 1048576K
}
Event: 251.536 GC heap before
{Heap before GC invocations=15 (full 3):
 PSYoungGen      total 273408K, used 273392K [0x00000000e0000000, 0x00000000f8e80000, 0x0000000100000000)
  eden space 249856K, 100% used [0x00000000e0000000,0x00000000ef400000,0x00000000ef400000)
  from space 23552K, 99% used [0x00000000ef400000,0x00000000f0afc068,0x00000000f0b00000)
  to   space 44032K, 0% used [0x00000000f6380000,0x00000000f6380000,0x00000000f8e80000)
 ParOldGen       total 125952K, used 88223K [0x00000000a0000000, 0x00000000a7b00000, 0x00000000e0000000)
  object space 125952K, 70% used [0x00000000a0000000,0x00000000a5627c18,0x00000000a7b00000)
 Metaspace       used 72505K, capacity 75127K, committed 75224K, reserved 1114112K
  class space    used 9614K, capacity 10199K, committed 10240K, reserved 1048576K
Event: 251.629 GC heap after
Heap after GC invocations=15 (full 3):
 PSYoungGen      total 342528K, used 20850K [0x00000000e0000000, 0x00000000f8300000, 0x0000000100000000)
  eden space 310272K, 0% used [0x00000000e0000000,0x00000000e0000000,0x00000000f2f00000)
  from space 32256K, 64% used [0x00000000f6380000,0x00000000f77dca88,0x00000000f8300000)
  to   space 43008K, 0% used [0x00000000f2f00000,0x00000000f2f00000,0x00000000f5900000)
 ParOldGen       total 125952K, used 107589K [0x00000000a0000000, 0x00000000a7b00000, 0x00000000e0000000)
  object space 125952K, 85% used [0x00000000a0000000,0x00000000a6911598,0x00000000a7b00000)
 Metaspace       used 72505K, capacity 75127K, committed 75224K, reserved 1114112K
  class space    used 9614K, capacity 10199K, committed 10240K, reserved 1048576K
}
Event: 251.629 GC heap before
{Heap before GC invocations=16 (full 4):
 PSYoungGen      total 342528K, used 20850K [0x00000000e0000000, 0x00000000f8300000, 0x0000000100000000)
  eden space 310272K, 0% used [0x00000000e0000000,0x00000000e0000000,0x00000000f2f00000)
  from space 32256K, 64% used [0x00000000f6380000,0x00000000f77dca88,0x00000000f8300000)
  to   space 43008K, 0% used [0x00000000f2f00000,0x00000000f2f00000,0x00000000f5900000)
 ParOldGen       total 125952K, used 107589K [0x00000000a0000000, 0x00000000a7b00000, 0x00000000e0000000)
  object space 125952K, 85% used [0x00000000a0000000,0x00000000a6911598,0x00000000a7b00000)
 Metaspace       used 72505K, capacity 75127K, committed 75224K, reserved 1114112K
  class space    used 9614K, capacity 10199K, committed 10240K, reserved 1048576K
Event: 251.999 GC heap after
Heap after GC invocations=16 (full 4):
 PSYoungGen      total 342528K, used 0K [0x00000000e0000000, 0x00000000f8300000, 0x0000000100000000)
  eden space 310272K, 0% used [0x00000000e0000000,0x00000000e0000000,0x00000000f2f00000)
  from space 32256K, 0% used [0x00000000f6380000,0x00000000f6380000,0x00000000f8300000)
  to   space 43008K, 0% used [0x00000000f2f00000,0x00000000f2f00000,0x00000000f5900000)
 ParOldGen       total 183296K, used 56934K [0x00000000a0000000, 0x00000000ab300000, 0x00000000e0000000)
  object space 183296K, 31% used [0x00000000a0000000,0x00000000a3799830,0x00000000ab300000)
 Metaspace       used 72505K, capacity 75127K, committed 75224K, reserved 1114112K
  class space    used 9614K, capacity 10199K, committed 10240K, reserved 1048576K
}
Event: 256.711 GC heap before
{Heap before GC invocations=17 (full 4):
 PSYoungGen      total 342528K, used 310272K [0x00000000e0000000, 0x00000000f8300000, 0x0000000100000000)
  eden space 310272K, 100% used [0x00000000e0000000,0x00000000f2f00000,0x00000000f2f00000)
  from space 32256K, 0% used [0x00000000f6380000,0x00000000f6380000,0x00000000f8300000)
  to   space 43008K, 0% used [0x00000000f2f00000,0x00000000f2f00000,0x00000000f5900000)
 ParOldGen       total 183296K, used 56934K [0x00000000a0000000, 0x00000000ab300000, 0x00000000e0000000)
  object space 183296K, 31% used [0x00000000a0000000,0x00000000a3799830,0x00000000ab300000)
 Metaspace       used 73223K, capacity 76019K, committed 76248K, reserved 1116160K
  class space    used 9630K, capacity 10229K, committed 10240K, reserved 1048576K
Event: 256.852 GC heap after
Heap after GC invocations=17 (full 4):
 PSYoungGen      total 353280K, used 43007K [0x00000000e0000000, 0x0000000100000000, 0x0000000100000000)
  eden space 310272K, 0% used [0x00000000e0000000,0x00000000e0000000,0x00000000f2f00000)
  from space 43008K, 99% used [0x00000000f2f00000,0x00000000f58ffc60,0x00000000f5900000)
  to   space 57344K, 0% used [0x00000000fc800000,0x00000000fc800000,0x0000000100000000)
 ParOldGen       total 183296K, used 76620K [0x00000000a0000000, 0x00000000ab300000, 0x00000000e0000000)
  object space 183296K, 41% used [0x00000000a0000000,0x00000000a4ad3160,0x00000000ab300000)
 Metaspace       used 73223K, capacity 76019K, committed 76248K, reserved 1116160K
  class space    used 9630K, capacity 10229K, committed 10240K, reserved 1048576K
}

