# JRE version: OpenJDK Runtime Environment (8.0_152-b02) (build 1.8.0_152-release-1024-b02)
# Java VM: OpenJDK 64-Bit Server VM (25.152-b02 mixed mode windows-amd64 compressed oops)
Heap:
 PSYoungGen      total 463360K, used 261951K [0x00000000e0000000, 0x0000000100000000, 0x0000000100000000)
  eden space 417792K, 52% used [0x00000000e0000000,0x00000000ed669eb0,0x00000000f9800000)
  from space 45568K, 93% used [0x00000000fd380000,0x00000000ffce5dc0,0x0000000100000000)
  to   space 53248K, 0% used [0x00000000f9800000,0x00000000f9800000,0x00000000fcc00000)
 ParOldGen       total 201728K, used 101879K [0x00000000a0000000, 0x00000000ac500000, 0x00000000e0000000)
  object space 201728K, 50% used [0x00000000a0000000,0x00000000a637df60,0x00000000ac500000)
 Metaspace       used 93079K, capacity 99451K, committed 99672K, reserved 1136640K
  class space    used 11639K, capacity 12845K, committed 12928K, reserved 1048576K
GC Heap History (10 events):
Event: 7782.418 GC heap before
{Heap before GC invocations=28 (full 4):
 PSYoungGen      total 473088K, used 444368K [0x00000000e0000000, 0x00000000ffd00000, 0x0000000100000000)
  eden space 425984K, 100% used [0x00000000e0000000,0x00000000fa000000,0x00000000fa000000)
  from space 47104K, 39% used [0x00000000fa000000,0x00000000fb1f4020,0x00000000fce00000)
  to   space 44544K, 0% used [0x00000000fd180000,0x00000000fd180000,0x00000000ffd00000)
 ParOldGen       total 201728K, used 99363K [0x00000000a0000000, 0x00000000ac500000, 0x00000000e0000000)
  object space 201728K, 49% used [0x00000000a0000000,0x00000000a6108fe0,0x00000000ac500000)
 Metaspace       used 91969K, capacity 98143K, committed 98264K, reserved 1134592K
  class space    used 11566K, capacity 12744K, committed 12800K, reserved 1048576K
Event: 7782.590 GC heap after
Heap after GC invocations=28 (full 4):
 PSYoungGen      total 475648K, used 22421K [0x00000000e0000000, 0x00000000ffb80000, 0x0000000100000000)
  eden space 432640K, 0% used [0x00000000e0000000,0x00000000e0000000,0x00000000fa680000)
  from space 43008K, 52% used [0x00000000fd180000,0x00000000fe765458,0x00000000ffb80000)
  to   space 43520K, 0% used [0x00000000fa680000,0x00000000fa680000,0x00000000fd100000)
 ParOldGen       total 201728K, used 99371K [0x00000000a0000000, 0x00000000ac500000, 0x00000000e0000000)
  object space 201728K, 49% used [0x00000000a0000000,0x00000000a610afe0,0x00000000ac500000)
 Metaspace       used 91969K, capacity 98143K, committed 98264K, reserved 1134592K
  class space    used 11566K, capacity 12744K, committed 12800K, reserved 1048576K
}
Event: 7793.180 GC heap before
{Heap before GC invocations=29 (full 4):
 PSYoungGen      total 475648K, used 455061K [0x00000000e0000000, 0x00000000ffb80000, 0x0000000100000000)
  eden space 432640K, 100% used [0x00000000e0000000,0x00000000fa680000,0x00000000fa680000)
  from space 43008K, 52% used [0x00000000fd180000,0x00000000fe765458,0x00000000ffb80000)
  to   space 43520K, 0% used [0x00000000fa680000,0x00000000fa680000,0x00000000fd100000)
 ParOldGen       total 201728K, used 99371K [0x00000000a0000000, 0x00000000ac500000, 0x00000000e0000000)
  object space 201728K, 49% used [0x00000000a0000000,0x00000000a610afe0,0x00000000ac500000)
 Metaspace       used 92105K, capacity 98335K, committed 98520K, reserved 1134592K
  class space    used 11566K, capacity 12744K, committed 12800K, reserved 1048576K
Event: 7793.231 GC heap after
Heap after GC invocations=29 (full 4):
 PSYoungGen      total 476160K, used 19592K [0x00000000e0000000, 0x00000000ffb80000, 0x0000000100000000)
  eden space 432640K, 0% used [0x00000000e0000000,0x00000000e0000000,0x00000000fa680000)
  from space 43520K, 45% used [0x00000000fa680000,0x00000000fb9a2390,0x00000000fd100000)
  to   space 40960K, 0% used [0x00000000fd380000,0x00000000fd380000,0x00000000ffb80000)
 ParOldGen       total 201728K, used 99379K [0x00000000a0000000, 0x00000000ac500000, 0x00000000e0000000)
  object space 201728K, 49% used [0x00000000a0000000,0x00000000a610cfe0,0x00000000ac500000)
 Metaspace       used 92105K, capacity 98335K, committed 98520K, reserved 1134592K
  class space    used 11566K, capacity 12744K, committed 12800K, reserved 1048576K
}
Event: 8068.089 GC heap before
{Heap before GC invocations=30 (full 4):
 PSYoungGen      total 476160K, used 452232K [0x00000000e0000000, 0x00000000ffb80000, 0x0000000100000000)
  eden space 432640K, 100% used [0x00000000e0000000,0x00000000fa680000,0x00000000fa680000)
  from space 43520K, 45% used [0x00000000fa680000,0x00000000fb9a2390,0x00000000fd100000)
  to   space 40960K, 0% used [0x00000000fd380000,0x00000000fd380000,0x00000000ffb80000)
 ParOldGen       total 201728K, used 99379K [0x00000000a0000000, 0x00000000ac500000, 0x00000000e0000000)
  object space 201728K, 49% used [0x00000000a0000000,0x00000000a610cfe0,0x00000000ac500000)
 Metaspace       used 92474K, capacity 98743K, committed 98904K, reserved 1134592K
  class space    used 11595K, capacity 12807K, committed 12928K, reserved 1048576K
Event: 8068.130 GC heap after
Heap after GC invocations=30 (full 4):
 PSYoungGen      total 478208K, used 26374K [0x00000000e0000000, 0x00000000ffe80000, 0x0000000100000000)
  eden space 437248K, 0% used [0x00000000e0000000,0x00000000e0000000,0x00000000fab00000)
  from space 40960K, 64% used [0x00000000fd380000,0x00000000fed41a00,0x00000000ffb80000)
  to   space 41472K, 0% used [0x00000000fab00000,0x00000000fab00000,0x00000000fd380000)
 ParOldGen       total 201728K, used 99379K [0x00000000a0000000, 0x00000000ac500000, 0x00000000e0000000)
  object space 201728K, 49% used [0x00000000a0000000,0x00000000a610cfe0,0x00000000ac500000)
 Metaspace       used 92474K, capacity 98743K, committed 98904K, reserved 1134592K
  class space    used 11595K, capacity 12807K, committed 12928K, reserved 1048576K
}
Event: 8071.127 GC heap before
{Heap before GC invocations=31 (full 4):
 PSYoungGen      total 478208K, used 463622K [0x00000000e0000000, 0x00000000ffe80000, 0x0000000100000000)
  eden space 437248K, 100% used [0x00000000e0000000,0x00000000fab00000,0x00000000fab00000)
  from space 40960K, 64% used [0x00000000fd380000,0x00000000fed41a00,0x00000000ffb80000)
  to   space 41472K, 0% used [0x00000000fab00000,0x00000000fab00000,0x00000000fd380000)
 ParOldGen       total 201728K, used 99379K [0x00000000a0000000, 0x00000000ac500000, 0x00000000e0000000)
  object space 201728K, 49% used [0x00000000a0000000,0x00000000a610cfe0,0x00000000ac500000)
 Metaspace       used 92965K, capacity 99365K, committed 99672K, reserved 1136640K
  class space    used 11631K, capacity 12844K, committed 12928K, reserved 1048576K
Event: 8071.235 GC heap after
Heap after GC invocations=31 (full 4):
 PSYoungGen      total 478720K, used 41451K [0x00000000e0000000, 0x0000000100000000, 0x0000000100000000)
  eden space 437248K, 0% used [0x00000000e0000000,0x00000000e0000000,0x00000000fab00000)
  from space 41472K, 99% used [0x00000000fab00000,0x00000000fd37ac00,0x00000000fd380000)
  to   space 45568K, 0% used [0x00000000fd380000,0x00000000fd380000,0x0000000100000000)
 ParOldGen       total 201728K, used 101523K [0x00000000a0000000, 0x00000000ac500000, 0x00000000e0000000)
  object space 201728K, 50% used [0x00000000a0000000,0x00000000a6324f50,0x00000000ac500000)
 Metaspace       used 92965K, capacity 99365K, committed 99672K, reserved 1136640K
  class space    used 11631K, capacity 12844K, committed 12928K, reserved 1048576K
}
Event: 8073.490 GC heap before
{Heap before GC invocations=32 (full 4):
 PSYoungGen      total 478720K, used 478699K [0x00000000e0000000, 0x0000000100000000, 0x0000000100000000)
  eden space 437248K, 100% used [0x00000000e0000000,0x00000000fab00000,0x00000000fab00000)
  from space 41472K, 99% used [0x00000000fab00000,0x00000000fd37ac00,0x00000000fd380000)
  to   space 45568K, 0% used [0x00000000fd380000,0x00000000fd380000,0x0000000100000000)
 ParOldGen       total 201728K, used 101523K [0x00000000a0000000, 0x00000000ac500000, 0x00000000e0000000)
  object space 201728K, 50% used [0x00000000a0000000,0x00000000a6324f50,0x00000000ac500000)
 Metaspace       used 93061K, capacity 99441K, committed 99672K, reserved 1136640K
  class space    used 11637K, capacity 12844K, committed 12928K, reserved 1048576K
Event: 8073.563 GC heap after
Heap after GC invocations=32 (full 4):
 PSYoungGen      total 463360K, used 42391K [0x00000000e0000000, 0x0000000100000000, 0x0000000100000000)
  eden space 417792K, 0% used [0x00000000e0000000,0x00000000e0000000,0x00000000f9800000)
  from space 45568K, 93% used [0x00000000fd380000,0x00000000ffce5dc0,0x0000000100000000)
  to   space 53248K, 0% used [0x00000000f9800000,0x00000000f9800000,0x00000000fcc00000)
 ParOldGen       total 201728K, used 101879K [0x00000000a0000000, 0x00000000ac500000, 0x00000000e0000000)
  object space 201728K, 50% used [0x00000000a0000000,0x00000000a637df60,0x00000000ac500000)
 Metaspace       used 93061K, capacity 99441K, committed 99672K, reserved 1136640K
  class space    used 11637K, capacity 12844K, committed 12928K, reserved 1048576K
}

