# JRE version: OpenJDK Runtime Environment (8.0_152-b02) (build 1.8.0_152-release-1024-b02)
# Java VM: OpenJDK 64-Bit Server VM (25.152-b02 mixed mode windows-amd64 compressed oops)
Heap:
 PSYoungGen      total 207360K, used 181051K [0x00000000e0000000, 0x00000000eda00000, 0x0000000100000000)
  eden space 194560K, 93% used [0x00000000e0000000,0x00000000eb0cefa8,0x00000000ebe00000)
  from space 12800K, 0% used [0x00000000ecd80000,0x00000000ecd80000,0x00000000eda00000)
  to   space 14336K, 0% used [0x00000000ebe00000,0x00000000ebe00000,0x00000000ecc00000)
 ParOldGen       total 101888K, used 17489K [0x00000000a0000000, 0x00000000a6380000, 0x00000000e0000000)
  object space 101888K, 17% used [0x00000000a0000000,0x00000000a1114780,0x00000000a6380000)
 Metaspace       used 45120K, capacity 46235K, committed 46296K, reserved 1089536K
  class space    used 6033K, capacity 6375K, committed 6400K, reserved 1048576K
GC Heap History (10 events):
Event: 4.305 GC heap before
{Heap before GC invocations=4 (full 0):
 PSYoungGen      total 71680K, used 21407K [0x00000000e0000000, 0x00000000e8c00000, 0x0000000100000000)
  eden space 66560K, 24% used [0x00000000e0000000,0x00000000e0febdb0,0x00000000e4100000)
  from space 5120K, 99% used [0x00000000e4100000,0x00000000e45fc010,0x00000000e4600000)
  to   space 5120K, 0% used [0x00000000e8700000,0x00000000e8700000,0x00000000e8c00000)
 ParOldGen       total 87552K, used 6026K [0x00000000a0000000, 0x00000000a5580000, 0x00000000e0000000)
  object space 87552K, 6% used [0x00000000a0000000,0x00000000a05e2968,0x00000000a5580000)
 Metaspace       used 20838K, capacity 21200K, committed 21248K, reserved 1067008K
  class space    used 2903K, capacity 3038K, committed 3072K, reserved 1048576K
Event: 4.325 GC heap after
Heap after GC invocations=4 (full 0):
 PSYoungGen      total 138240K, used 5108K [0x00000000e0000000, 0x00000000e8c00000, 0x0000000100000000)
  eden space 133120K, 0% used [0x00000000e0000000,0x00000000e0000000,0x00000000e8200000)
  from space 5120K, 99% used [0x00000000e8700000,0x00000000e8bfd040,0x00000000e8c00000)
  to   space 5120K, 0% used [0x00000000e8200000,0x00000000e8200000,0x00000000e8700000)
 ParOldGen       total 87552K, used 8656K [0x00000000a0000000, 0x00000000a5580000, 0x00000000e0000000)
  object space 87552K, 9% used [0x00000000a0000000,0x00000000a0874248,0x00000000a5580000)
 Metaspace       used 20838K, capacity 21200K, committed 21248K, reserved 1067008K
  class space    used 2903K, capacity 3038K, committed 3072K, reserved 1048576K
}
Event: 4.325 GC heap before
{Heap before GC invocations=5 (full 1):
 PSYoungGen      total 138240K, used 5108K [0x00000000e0000000, 0x00000000e8c00000, 0x0000000100000000)
  eden space 133120K, 0% used [0x00000000e0000000,0x00000000e0000000,0x00000000e8200000)
  from space 5120K, 99% used [0x00000000e8700000,0x00000000e8bfd040,0x00000000e8c00000)
  to   space 5120K, 0% used [0x00000000e8200000,0x00000000e8200000,0x00000000e8700000)
 ParOldGen       total 87552K, used 8656K [0x00000000a0000000, 0x00000000a5580000, 0x00000000e0000000)
  object space 87552K, 9% used [0x00000000a0000000,0x00000000a0874248,0x00000000a5580000)
 Metaspace       used 20838K, capacity 21200K, committed 21248K, reserved 1067008K
  class space    used 2903K, capacity 3038K, committed 3072K, reserved 1048576K
Event: 4.410 GC heap after
Heap after GC invocations=5 (full 1):
 PSYoungGen      total 138240K, used 0K [0x00000000e0000000, 0x00000000e8c00000, 0x0000000100000000)
  eden space 133120K, 0% used [0x00000000e0000000,0x00000000e0000000,0x00000000e8200000)
  from space 5120K, 0% used [0x00000000e8700000,0x00000000e8700000,0x00000000e8c00000)
  to   space 5120K, 0% used [0x00000000e8200000,0x00000000e8200000,0x00000000e8700000)
 ParOldGen       total 63488K, used 8024K [0x00000000a0000000, 0x00000000a3e00000, 0x00000000e0000000)
  object space 63488K, 12% used [0x00000000a0000000,0x00000000a07d6188,0x00000000a3e00000)
 Metaspace       used 20838K, capacity 21200K, committed 21248K, reserved 1067008K
  class space    used 2903K, capacity 3038K, committed 3072K, reserved 1048576K
}
Event: 7.878 GC heap before
{Heap before GC invocations=6 (full 1):
 PSYoungGen      total 138240K, used 133120K [0x00000000e0000000, 0x00000000e8c00000, 0x0000000100000000)
  eden space 133120K, 100% used [0x00000000e0000000,0x00000000e8200000,0x00000000e8200000)
  from space 5120K, 0% used [0x00000000e8700000,0x00000000e8700000,0x00000000e8c00000)
  to   space 5120K, 0% used [0x00000000e8200000,0x00000000e8200000,0x00000000e8700000)
 ParOldGen       total 63488K, used 8024K [0x00000000a0000000, 0x00000000a3e00000, 0x00000000e0000000)
  object space 63488K, 12% used [0x00000000a0000000,0x00000000a07d6188,0x00000000a3e00000)
 Metaspace       used 30026K, capacity 30590K, committed 30848K, reserved 1075200K
  class space    used 4194K, capacity 4386K, committed 4480K, reserved 1048576K
Event: 7.897 GC heap after
Heap after GC invocations=6 (full 1):
 PSYoungGen      total 138240K, used 5120K [0x00000000e0000000, 0x00000000edc00000, 0x0000000100000000)
  eden space 133120K, 0% used [0x00000000e0000000,0x00000000e0000000,0x00000000e8200000)
  from space 5120K, 100% used [0x00000000e8200000,0x00000000e8700000,0x00000000e8700000)
  to   space 14848K, 0% used [0x00000000ecd80000,0x00000000ecd80000,0x00000000edc00000)
 ParOldGen       total 63488K, used 16122K [0x00000000a0000000, 0x00000000a3e00000, 0x00000000e0000000)
  object space 63488K, 25% used [0x00000000a0000000,0x00000000a0fbea58,0x00000000a3e00000)
 Metaspace       used 30026K, capacity 30590K, committed 30848K, reserved 1075200K
  class space    used 4194K, capacity 4386K, committed 4480K, reserved 1048576K
}
Event: 8.681 GC heap before
{Heap before GC invocations=7 (full 1):
 PSYoungGen      total 138240K, used 33712K [0x00000000e0000000, 0x00000000edc00000, 0x0000000100000000)
  eden space 133120K, 21% used [0x00000000e0000000,0x00000000e1bec3d0,0x00000000e8200000)
  from space 5120K, 100% used [0x00000000e8200000,0x00000000e8700000,0x00000000e8700000)
  to   space 14848K, 0% used [0x00000000ecd80000,0x00000000ecd80000,0x00000000edc00000)
 ParOldGen       total 63488K, used 16122K [0x00000000a0000000, 0x00000000a3e00000, 0x00000000e0000000)
  object space 63488K, 25% used [0x00000000a0000000,0x00000000a0fbea58,0x00000000a3e00000)
 Metaspace       used 34624K, capacity 35261K, committed 35416K, reserved 1079296K
  class space    used 4762K, capacity 4992K, committed 4992K, reserved 1048576K
Event: 8.693 GC heap after
Heap after GC invocations=7 (full 1):
 PSYoungGen      total 207360K, used 8855K [0x00000000e0000000, 0x00000000eda00000, 0x0000000100000000)
  eden space 194560K, 0% used [0x00000000e0000000,0x00000000e0000000,0x00000000ebe00000)
  from space 12800K, 69% used [0x00000000ecd80000,0x00000000ed625cd8,0x00000000eda00000)
  to   space 14336K, 0% used [0x00000000ebe00000,0x00000000ebe00000,0x00000000ecc00000)
 ParOldGen       total 63488K, used 16130K [0x00000000a0000000, 0x00000000a3e00000, 0x00000000e0000000)
  object space 63488K, 25% used [0x00000000a0000000,0x00000000a0fc0a58,0x00000000a3e00000)
 Metaspace       used 34624K, capacity 35261K, committed 35416K, reserved 1079296K
  class space    used 4762K, capacity 4992K, committed 4992K, reserved 1048576K
}
Event: 8.693 GC heap before
{Heap before GC invocations=8 (full 2):
 PSYoungGen      total 207360K, used 8855K [0x00000000e0000000, 0x00000000eda00000, 0x0000000100000000)
  eden space 194560K, 0% used [0x00000000e0000000,0x00000000e0000000,0x00000000ebe00000)
  from space 12800K, 69% used [0x00000000ecd80000,0x00000000ed625cd8,0x00000000eda00000)
  to   space 14336K, 0% used [0x00000000ebe00000,0x00000000ebe00000,0x00000000ecc00000)
 ParOldGen       total 63488K, used 16130K [0x00000000a0000000, 0x00000000a3e00000, 0x00000000e0000000)
  object space 63488K, 25% used [0x00000000a0000000,0x00000000a0fc0a58,0x00000000a3e00000)
 Metaspace       used 34624K, capacity 35261K, committed 35416K, reserved 1079296K
  class space    used 4762K, capacity 4992K, committed 4992K, reserved 1048576K
Event: 8.760 GC heap after
Heap after GC invocations=8 (full 2):
 PSYoungGen      total 207360K, used 0K [0x00000000e0000000, 0x00000000eda00000, 0x0000000100000000)
  eden space 194560K, 0% used [0x00000000e0000000,0x00000000e0000000,0x00000000ebe00000)
  from space 12800K, 0% used [0x00000000ecd80000,0x00000000ecd80000,0x00000000eda00000)
  to   space 14336K, 0% used [0x00000000ebe00000,0x00000000ebe00000,0x00000000ecc00000)
 ParOldGen       total 101888K, used 17489K [0x00000000a0000000, 0x00000000a6380000, 0x00000000e0000000)
  object space 101888K, 17% used [0x00000000a0000000,0x00000000a1114780,0x00000000a6380000)
 Metaspace       used 34624K, capacity 35261K, committed 35416K, reserved 1079296K
  class space    used 4762K, capacity 4992K, committed 4992K, reserved 1048576K
}

